{"/home/buni/Projects/Internetprogrammierung/api/src/configs/env.js": {"path":"/home/buni/Projects/Internetprogrammierung/api/src/configs/env.js","statementMap":{},"fnMap":{},"branchMap":{},"s":{},"f":{},"b":{}}
,"/home/buni/Projects/Internetprogrammierung/api/src/controllers/article.controller.js": {"path":"/home/buni/Projects/Internetprogrammierung/api/src/controllers/article.controller.js","statementMap":{"0":{"start":{"line":6,"column":15},"end":{"line":6,"column":78}},"1":{"start":{"line":8,"column":30},"end":{"line":42,"column":1}},"2":{"start":{"line":9,"column":25},"end":{"line":9,"column":34}},"3":{"start":{"line":10,"column":16},"end":{"line":10,"column":40}},"4":{"start":{"line":12,"column":4},"end":{"line":16,"column":5}},"5":{"start":{"line":13,"column":8},"end":{"line":15,"column":37}},"6":{"start":{"line":18,"column":4},"end":{"line":41,"column":7}},"7":{"start":{"line":19,"column":8},"end":{"line":21,"column":9}},"8":{"start":{"line":20,"column":12},"end":{"line":20,"column":76}},"9":{"start":{"line":23,"column":8},"end":{"line":40,"column":9}},"10":{"start":{"line":24,"column":37},"end":{"line":34,"column":13}},"11":{"start":{"line":26,"column":20},"end":{"line":32,"column":21}},"12":{"start":{"line":27,"column":40},"end":{"line":27,"column":77}},"13":{"start":{"line":28,"column":24},"end":{"line":28,"column":55}},"14":{"start":{"line":30,"column":24},"end":{"line":30,"column":75}},"15":{"start":{"line":31,"column":24},"end":{"line":31,"column":59}},"16":{"start":{"line":36,"column":12},"end":{"line":36,"column":58}},"17":{"start":{"line":38,"column":12},"end":{"line":38,"column":63}},"18":{"start":{"line":39,"column":12},"end":{"line":39,"column":80}},"19":{"start":{"line":44,"column":30},"end":{"line":121,"column":1}},"20":{"start":{"line":51,"column":8},"end":{"line":51,"column":17}},"21":{"start":{"line":53,"column":27},"end":{"line":53,"column":29}},"22":{"start":{"line":54,"column":17},"end":{"line":54,"column":19}},"23":{"start":{"line":56,"column":4},"end":{"line":65,"column":5}},"24":{"start":{"line":57,"column":28},"end":{"line":57,"column":50}},"25":{"start":{"line":58,"column":27},"end":{"line":60,"column":9}},"26":{"start":{"line":59,"column":18},"end":{"line":59,"column":56}},"27":{"start":{"line":61,"column":8},"end":{"line":61,"column":62}},"28":{"start":{"line":62,"column":8},"end":{"line":64,"column":10}},"29":{"start":{"line":63,"column":45},"end":{"line":63,"column":71}},"30":{"start":{"line":67,"column":4},"end":{"line":70,"column":5}},"31":{"start":{"line":68,"column":8},"end":{"line":68,"column":46}},"32":{"start":{"line":69,"column":8},"end":{"line":69,"column":30}},"33":{"start":{"line":72,"column":4},"end":{"line":75,"column":5}},"34":{"start":{"line":73,"column":8},"end":{"line":73,"column":44}},"35":{"start":{"line":74,"column":8},"end":{"line":74,"column":30}},"36":{"start":{"line":76,"column":4},"end":{"line":79,"column":5}},"37":{"start":{"line":77,"column":8},"end":{"line":77,"column":44}},"38":{"start":{"line":78,"column":8},"end":{"line":78,"column":30}},"39":{"start":{"line":81,"column":4},"end":{"line":84,"column":5}},"40":{"start":{"line":82,"column":8},"end":{"line":82,"column":42}},"41":{"start":{"line":83,"column":8},"end":{"line":83,"column":26}},"42":{"start":{"line":86,"column":24},"end":{"line":88,"column":12}},"43":{"start":{"line":89,"column":18},"end":{"line":92,"column":5}},"44":{"start":{"line":94,"column":4},"end":{"line":120,"column":7}},"45":{"start":{"line":95,"column":8},"end":{"line":98,"column":9}},"46":{"start":{"line":96,"column":12},"end":{"line":96,"column":64}},"47":{"start":{"line":97,"column":12},"end":{"line":97,"column":76}},"48":{"start":{"line":100,"column":8},"end":{"line":119,"column":9}},"49":{"start":{"line":101,"column":37},"end":{"line":111,"column":13}},"50":{"start":{"line":103,"column":20},"end":{"line":109,"column":21}},"51":{"start":{"line":104,"column":40},"end":{"line":104,"column":77}},"52":{"start":{"line":105,"column":24},"end":{"line":105,"column":55}},"53":{"start":{"line":107,"column":24},"end":{"line":107,"column":75}},"54":{"start":{"line":108,"column":24},"end":{"line":108,"column":59}},"55":{"start":{"line":113,"column":12},"end":{"line":113,"column":46}},"56":{"start":{"line":115,"column":12},"end":{"line":115,"column":69}},"57":{"start":{"line":116,"column":12},"end":{"line":118,"column":68}},"58":{"start":{"line":124,"column":29},"end":{"line":200,"column":1}},"59":{"start":{"line":125,"column":4},"end":{"line":199,"column":7}},"60":{"start":{"line":126,"column":8},"end":{"line":131,"column":9}},"61":{"start":{"line":127,"column":12},"end":{"line":127,"column":55}},"62":{"start":{"line":128,"column":12},"end":{"line":130,"column":77}},"63":{"start":{"line":134,"column":12},"end":{"line":134,"column":20}},"64":{"start":{"line":135,"column":22},"end":{"line":135,"column":37}},"65":{"start":{"line":137,"column":8},"end":{"line":146,"column":11}},"66":{"start":{"line":148,"column":8},"end":{"line":158,"column":9}},"67":{"start":{"line":157,"column":12},"end":{"line":157,"column":80}},"68":{"start":{"line":160,"column":8},"end":{"line":198,"column":9}},"69":{"start":{"line":161,"column":28},"end":{"line":163,"column":13}},"70":{"start":{"line":162,"column":36},"end":{"line":162,"column":52}},"71":{"start":{"line":166,"column":16},"end":{"line":166,"column":137}},"72":{"start":{"line":167,"column":12},"end":{"line":193,"column":14}},"73":{"start":{"line":180,"column":20},"end":{"line":186,"column":21}},"74":{"start":{"line":181,"column":24},"end":{"line":181,"column":70}},"75":{"start":{"line":182,"column":24},"end":{"line":185,"column":27}},"76":{"start":{"line":188,"column":20},"end":{"line":191,"column":23}},"77":{"start":{"line":195,"column":12},"end":{"line":197,"column":68}},"78":{"start":{"line":203,"column":30},"end":{"line":239,"column":1}},"79":{"start":{"line":204,"column":22},"end":{"line":204,"column":42}},"80":{"start":{"line":206,"column":14},"end":{"line":206,"column":58}},"81":{"start":{"line":208,"column":4},"end":{"line":238,"column":7}},"82":{"start":{"line":209,"column":8},"end":{"line":211,"column":9}},"83":{"start":{"line":210,"column":12},"end":{"line":210,"column":45}},"84":{"start":{"line":213,"column":8},"end":{"line":215,"column":9}},"85":{"start":{"line":214,"column":12},"end":{"line":214,"column":74}},"86":{"start":{"line":217,"column":8},"end":{"line":237,"column":9}},"87":{"start":{"line":218,"column":32},"end":{"line":220,"column":13}},"88":{"start":{"line":222,"column":12},"end":{"line":229,"column":13}},"89":{"start":{"line":223,"column":32},"end":{"line":223,"column":73}},"90":{"start":{"line":225,"column":16},"end":{"line":225,"column":46}},"91":{"start":{"line":227,"column":16},"end":{"line":227,"column":67}},"92":{"start":{"line":228,"column":16},"end":{"line":228,"column":41}},"93":{"start":{"line":231,"column":12},"end":{"line":231,"column":53}},"94":{"start":{"line":233,"column":12},"end":{"line":233,"column":65}},"95":{"start":{"line":234,"column":12},"end":{"line":236,"column":64}},"96":{"start":{"line":242,"column":29},"end":{"line":344,"column":1}},"97":{"start":{"line":243,"column":4},"end":{"line":343,"column":7}},"98":{"start":{"line":244,"column":8},"end":{"line":249,"column":9}},"99":{"start":{"line":245,"column":12},"end":{"line":245,"column":57}},"100":{"start":{"line":246,"column":12},"end":{"line":248,"column":77}},"101":{"start":{"line":251,"column":26},"end":{"line":251,"column":46}},"102":{"start":{"line":253,"column":68},"end":{"line":253,"column":76}},"103":{"start":{"line":254,"column":30},"end":{"line":254,"column":32}},"104":{"start":{"line":256,"column":8},"end":{"line":270,"column":9}},"105":{"start":{"line":257,"column":12},"end":{"line":264,"column":13}},"106":{"start":{"line":258,"column":16},"end":{"line":263,"column":18}},"107":{"start":{"line":260,"column":38},"end":{"line":260,"column":52}},"108":{"start":{"line":261,"column":24},"end":{"line":261,"column":55}},"109":{"start":{"line":266,"column":12},"end":{"line":266,"column":72}},"110":{"start":{"line":267,"column":12},"end":{"line":269,"column":69}},"111":{"start":{"line":272,"column":22},"end":{"line":272,"column":31}},"112":{"start":{"line":274,"column":8},"end":{"line":276,"column":9}},"113":{"start":{"line":275,"column":12},"end":{"line":275,"column":80}},"114":{"start":{"line":278,"column":8},"end":{"line":342,"column":9}},"115":{"start":{"line":279,"column":29},"end":{"line":279,"column":31}},"116":{"start":{"line":280,"column":12},"end":{"line":284,"column":13}},"117":{"start":{"line":281,"column":16},"end":{"line":283,"column":18}},"118":{"start":{"line":282,"column":40},"end":{"line":282,"column":56}},"119":{"start":{"line":286,"column":35},"end":{"line":291,"column":26}},"120":{"start":{"line":288,"column":43},"end":{"line":288,"column":63}},"121":{"start":{"line":293,"column":22},"end":{"line":303,"column":13}},"122":{"start":{"line":305,"column":12},"end":{"line":336,"column":14}},"123":{"start":{"line":318,"column":20},"end":{"line":324,"column":21}},"124":{"start":{"line":319,"column":24},"end":{"line":319,"column":70}},"125":{"start":{"line":320,"column":24},"end":{"line":323,"column":27}},"126":{"start":{"line":326,"column":20},"end":{"line":330,"column":21}},"127":{"start":{"line":327,"column":24},"end":{"line":329,"column":68}},"128":{"start":{"line":332,"column":20},"end":{"line":334,"column":75}},"129":{"start":{"line":338,"column":12},"end":{"line":338,"column":61}},"130":{"start":{"line":339,"column":12},"end":{"line":341,"column":69}},"131":{"start":{"line":347,"column":29},"end":{"line":365,"column":1}},"132":{"start":{"line":348,"column":22},"end":{"line":348,"column":42}},"133":{"start":{"line":350,"column":14},"end":{"line":350,"column":56}},"134":{"start":{"line":352,"column":4},"end":{"line":364,"column":7}},"135":{"start":{"line":353,"column":8},"end":{"line":355,"column":9}},"136":{"start":{"line":354,"column":12},"end":{"line":354,"column":45}},"137":{"start":{"line":357,"column":8},"end":{"line":359,"column":9}},"138":{"start":{"line":358,"column":12},"end":{"line":358,"column":74}},"139":{"start":{"line":361,"column":8},"end":{"line":363,"column":63}}},"fnMap":{"0":{"name":"(anonymous_0)","decl":{"start":{"line":8,"column":30},"end":{"line":8,"column":31}},"loc":{"start":{"line":8,"column":44},"end":{"line":42,"column":1}},"line":8},"1":{"name":"(anonymous_1)","decl":{"start":{"line":18,"column":32},"end":{"line":18,"column":33}},"loc":{"start":{"line":18,"column":57},"end":{"line":41,"column":5}},"line":18},"2":{"name":"(anonymous_2)","decl":{"start":{"line":25,"column":29},"end":{"line":25,"column":30}},"loc":{"start":{"line":25,"column":48},"end":{"line":33,"column":17}},"line":25},"3":{"name":"(anonymous_3)","decl":{"start":{"line":44,"column":30},"end":{"line":44,"column":31}},"loc":{"start":{"line":44,"column":44},"end":{"line":121,"column":1}},"line":44},"4":{"name":"(anonymous_4)","decl":{"start":{"line":59,"column":12},"end":{"line":59,"column":13}},"loc":{"start":{"line":59,"column":18},"end":{"line":59,"column":56}},"line":59},"5":{"name":"(anonymous_5)","decl":{"start":{"line":63,"column":35},"end":{"line":63,"column":36}},"loc":{"start":{"line":63,"column":45},"end":{"line":63,"column":71}},"line":63},"6":{"name":"(anonymous_6)","decl":{"start":{"line":94,"column":28},"end":{"line":94,"column":29}},"loc":{"start":{"line":94,"column":52},"end":{"line":120,"column":5}},"line":94},"7":{"name":"(anonymous_7)","decl":{"start":{"line":102,"column":28},"end":{"line":102,"column":29}},"loc":{"start":{"line":102,"column":47},"end":{"line":110,"column":17}},"line":102},"8":{"name":"(anonymous_8)","decl":{"start":{"line":124,"column":29},"end":{"line":124,"column":30}},"loc":{"start":{"line":124,"column":43},"end":{"line":200,"column":1}},"line":124},"9":{"name":"(anonymous_9)","decl":{"start":{"line":125,"column":21},"end":{"line":125,"column":22}},"loc":{"start":{"line":125,"column":36},"end":{"line":199,"column":5}},"line":125},"10":{"name":"(anonymous_10)","decl":{"start":{"line":162,"column":26},"end":{"line":162,"column":27}},"loc":{"start":{"line":162,"column":36},"end":{"line":162,"column":52}},"line":162},"11":{"name":"(anonymous_11)","decl":{"start":{"line":179,"column":16},"end":{"line":179,"column":17}},"loc":{"start":{"line":179,"column":33},"end":{"line":192,"column":17}},"line":179},"12":{"name":"(anonymous_12)","decl":{"start":{"line":203,"column":30},"end":{"line":203,"column":31}},"loc":{"start":{"line":203,"column":44},"end":{"line":239,"column":1}},"line":203},"13":{"name":"(anonymous_13)","decl":{"start":{"line":208,"column":29},"end":{"line":208,"column":30}},"loc":{"start":{"line":208,"column":54},"end":{"line":238,"column":5}},"line":208},"14":{"name":"(anonymous_14)","decl":{"start":{"line":242,"column":29},"end":{"line":242,"column":30}},"loc":{"start":{"line":242,"column":43},"end":{"line":344,"column":1}},"line":242},"15":{"name":"(anonymous_15)","decl":{"start":{"line":243,"column":21},"end":{"line":243,"column":22}},"loc":{"start":{"line":243,"column":36},"end":{"line":343,"column":5}},"line":243},"16":{"name":"(anonymous_16)","decl":{"start":{"line":259,"column":20},"end":{"line":259,"column":21}},"loc":{"start":{"line":259,"column":29},"end":{"line":262,"column":21}},"line":259},"17":{"name":"(anonymous_17)","decl":{"start":{"line":282,"column":30},"end":{"line":282,"column":31}},"loc":{"start":{"line":282,"column":40},"end":{"line":282,"column":56}},"line":282},"18":{"name":"(anonymous_18)","decl":{"start":{"line":288,"column":34},"end":{"line":288,"column":35}},"loc":{"start":{"line":288,"column":43},"end":{"line":288,"column":63}},"line":288},"19":{"name":"(anonymous_19)","decl":{"start":{"line":317,"column":16},"end":{"line":317,"column":17}},"loc":{"start":{"line":317,"column":33},"end":{"line":335,"column":17}},"line":317},"20":{"name":"(anonymous_20)","decl":{"start":{"line":347,"column":29},"end":{"line":347,"column":30}},"loc":{"start":{"line":347,"column":43},"end":{"line":365,"column":1}},"line":347},"21":{"name":"(anonymous_21)","decl":{"start":{"line":352,"column":29},"end":{"line":352,"column":30}},"loc":{"start":{"line":352,"column":46},"end":{"line":364,"column":5}},"line":352}},"branchMap":{"0":{"loc":{"start":{"line":12,"column":4},"end":{"line":16,"column":5}},"type":"if","locations":[{"start":{"line":12,"column":4},"end":{"line":16,"column":5}},{"start":{},"end":{}}],"line":12},"1":{"loc":{"start":{"line":19,"column":8},"end":{"line":21,"column":9}},"type":"if","locations":[{"start":{"line":19,"column":8},"end":{"line":21,"column":9}},{"start":{},"end":{}}],"line":19},"2":{"loc":{"start":{"line":56,"column":4},"end":{"line":65,"column":5}},"type":"if","locations":[{"start":{"line":56,"column":4},"end":{"line":65,"column":5}},{"start":{},"end":{}}],"line":56},"3":{"loc":{"start":{"line":67,"column":4},"end":{"line":70,"column":5}},"type":"if","locations":[{"start":{"line":67,"column":4},"end":{"line":70,"column":5}},{"start":{},"end":{}}],"line":67},"4":{"loc":{"start":{"line":72,"column":4},"end":{"line":75,"column":5}},"type":"if","locations":[{"start":{"line":72,"column":4},"end":{"line":75,"column":5}},{"start":{},"end":{}}],"line":72},"5":{"loc":{"start":{"line":76,"column":4},"end":{"line":79,"column":5}},"type":"if","locations":[{"start":{"line":76,"column":4},"end":{"line":79,"column":5}},{"start":{},"end":{}}],"line":76},"6":{"loc":{"start":{"line":81,"column":4},"end":{"line":84,"column":5}},"type":"if","locations":[{"start":{"line":81,"column":4},"end":{"line":84,"column":5}},{"start":{},"end":{}}],"line":81},"7":{"loc":{"start":{"line":86,"column":24},"end":{"line":88,"column":12}},"type":"cond-expr","locations":[{"start":{"line":87,"column":10},"end":{"line":87,"column":51}},{"start":{"line":88,"column":10},"end":{"line":88,"column":12}}],"line":86},"8":{"loc":{"start":{"line":95,"column":8},"end":{"line":98,"column":9}},"type":"if","locations":[{"start":{"line":95,"column":8},"end":{"line":98,"column":9}},{"start":{},"end":{}}],"line":95},"9":{"loc":{"start":{"line":126,"column":8},"end":{"line":131,"column":9}},"type":"if","locations":[{"start":{"line":126,"column":8},"end":{"line":131,"column":9}},{"start":{},"end":{}}],"line":126},"10":{"loc":{"start":{"line":135,"column":22},"end":{"line":135,"column":37}},"type":"binary-expr","locations":[{"start":{"line":135,"column":22},"end":{"line":135,"column":31}},{"start":{"line":135,"column":35},"end":{"line":135,"column":37}}],"line":135},"11":{"loc":{"start":{"line":148,"column":8},"end":{"line":158,"column":9}},"type":"if","locations":[{"start":{"line":148,"column":8},"end":{"line":158,"column":9}},{"start":{},"end":{}}],"line":148},"12":{"loc":{"start":{"line":149,"column":12},"end":{"line":155,"column":17}},"type":"binary-expr","locations":[{"start":{"line":149,"column":12},"end":{"line":149,"column":21}},{"start":{"line":150,"column":12},"end":{"line":150,"column":24}},{"start":{"line":151,"column":12},"end":{"line":151,"column":18}},{"start":{"line":152,"column":12},"end":{"line":152,"column":18}},{"start":{"line":153,"column":12},"end":{"line":153,"column":19}},{"start":{"line":154,"column":12},"end":{"line":154,"column":17}},{"start":{"line":155,"column":12},"end":{"line":155,"column":17}}],"line":149},"13":{"loc":{"start":{"line":180,"column":20},"end":{"line":186,"column":21}},"type":"if","locations":[{"start":{"line":180,"column":20},"end":{"line":186,"column":21}},{"start":{},"end":{}}],"line":180},"14":{"loc":{"start":{"line":209,"column":8},"end":{"line":211,"column":9}},"type":"if","locations":[{"start":{"line":209,"column":8},"end":{"line":211,"column":9}},{"start":{},"end":{}}],"line":209},"15":{"loc":{"start":{"line":213,"column":8},"end":{"line":215,"column":9}},"type":"if","locations":[{"start":{"line":213,"column":8},"end":{"line":215,"column":9}},{"start":{},"end":{}}],"line":213},"16":{"loc":{"start":{"line":244,"column":8},"end":{"line":249,"column":9}},"type":"if","locations":[{"start":{"line":244,"column":8},"end":{"line":249,"column":9}},{"start":{},"end":{}}],"line":244},"17":{"loc":{"start":{"line":257,"column":12},"end":{"line":264,"column":13}},"type":"if","locations":[{"start":{"line":257,"column":12},"end":{"line":264,"column":13}},{"start":{},"end":{}}],"line":257},"18":{"loc":{"start":{"line":274,"column":8},"end":{"line":276,"column":9}},"type":"if","locations":[{"start":{"line":274,"column":8},"end":{"line":276,"column":9}},{"start":{},"end":{}}],"line":274},"19":{"loc":{"start":{"line":274,"column":12},"end":{"line":274,"column":75}},"type":"binary-expr","locations":[{"start":{"line":274,"column":12},"end":{"line":274,"column":21}},{"start":{"line":274,"column":25},"end":{"line":274,"column":37}},{"start":{"line":274,"column":41},"end":{"line":274,"column":47}},{"start":{"line":274,"column":51},"end":{"line":274,"column":57}},{"start":{"line":274,"column":61},"end":{"line":274,"column":66}},{"start":{"line":274,"column":70},"end":{"line":274,"column":75}}],"line":274},"20":{"loc":{"start":{"line":280,"column":12},"end":{"line":284,"column":13}},"type":"if","locations":[{"start":{"line":280,"column":12},"end":{"line":284,"column":13}},{"start":{},"end":{}}],"line":280},"21":{"loc":{"start":{"line":280,"column":16},"end":{"line":280,"column":41}},"type":"binary-expr","locations":[{"start":{"line":280,"column":16},"end":{"line":280,"column":21}},{"start":{"line":280,"column":25},"end":{"line":280,"column":41}}],"line":280},"22":{"loc":{"start":{"line":318,"column":20},"end":{"line":324,"column":21}},"type":"if","locations":[{"start":{"line":318,"column":20},"end":{"line":324,"column":21}},{"start":{},"end":{}}],"line":318},"23":{"loc":{"start":{"line":326,"column":20},"end":{"line":330,"column":21}},"type":"if","locations":[{"start":{"line":326,"column":20},"end":{"line":330,"column":21}},{"start":{},"end":{}}],"line":326},"24":{"loc":{"start":{"line":353,"column":8},"end":{"line":355,"column":9}},"type":"if","locations":[{"start":{"line":353,"column":8},"end":{"line":355,"column":9}},{"start":{},"end":{}}],"line":353},"25":{"loc":{"start":{"line":357,"column":8},"end":{"line":359,"column":9}},"type":"if","locations":[{"start":{"line":357,"column":8},"end":{"line":359,"column":9}},{"start":{},"end":{}}],"line":357}},"s":{"0":1,"1":1,"2":1,"3":1,"4":1,"5":0,"6":1,"7":1,"8":1,"9":0,"10":0,"11":0,"12":0,"13":0,"14":0,"15":0,"16":0,"17":0,"18":0,"19":1,"20":1,"21":1,"22":1,"23":1,"24":1,"25":1,"26":1,"27":1,"28":1,"29":1,"30":1,"31":0,"32":0,"33":1,"34":0,"35":0,"36":1,"37":0,"38":0,"39":1,"40":0,"41":0,"42":1,"43":1,"44":1,"45":1,"46":1,"47":1,"48":0,"49":0,"50":0,"51":0,"52":0,"53":0,"54":0,"55":0,"56":0,"57":0,"58":1,"59":2,"60":2,"61":0,"62":0,"63":2,"64":2,"65":2,"66":2,"67":0,"68":2,"69":2,"70":0,"71":2,"72":2,"73":2,"74":1,"75":1,"76":1,"77":0,"78":1,"79":1,"80":1,"81":1,"82":1,"83":0,"84":1,"85":1,"86":0,"87":0,"88":0,"89":0,"90":0,"91":0,"92":0,"93":0,"94":0,"95":0,"96":1,"97":3,"98":3,"99":0,"100":0,"101":3,"102":3,"103":3,"104":3,"105":3,"106":0,"107":0,"108":0,"109":0,"110":0,"111":3,"112":3,"113":0,"114":3,"115":3,"116":3,"117":0,"118":0,"119":3,"120":0,"121":3,"122":3,"123":3,"124":1,"125":1,"126":2,"127":1,"128":1,"129":0,"130":0,"131":1,"132":2,"133":2,"134":2,"135":2,"136":0,"137":2,"138":1,"139":1},"f":{"0":1,"1":1,"2":0,"3":1,"4":1,"5":1,"6":1,"7":0,"8":2,"9":2,"10":0,"11":2,"12":1,"13":1,"14":3,"15":3,"16":0,"17":0,"18":0,"19":3,"20":2,"21":2},"b":{"0":[0,1],"1":[1,0],"2":[1,0],"3":[0,1],"4":[0,1],"5":[0,1],"6":[0,1],"7":[1,0],"8":[1,0],"9":[0,2],"10":[2,2],"11":[0,2],"12":[2,2,2,2,2,2,2],"13":[1,1],"14":[0,1],"15":[1,0],"16":[0,3],"17":[0,3],"18":[0,3],"19":[3,3,3,3,3,3],"20":[0,3],"21":[3,0],"22":[1,2],"23":[1,1],"24":[0,2],"25":[1,1]},"_coverageSchema":"1a1c01bbd47fc00a2c39e90264f33305004495a9","hash":"4a29f4b60197d7f3cbafd912ecea61bea363982f"}
,"/home/buni/Projects/Internetprogrammierung/api/src/controllers/auth.controller.js": {"path":"/home/buni/Projects/Internetprogrammierung/api/src/controllers/auth.controller.js","statementMap":{"0":{"start":{"line":6,"column":24},"end":{"line":31,"column":1}},"1":{"start":{"line":7,"column":42},"end":{"line":7,"column":50}},"2":{"start":{"line":9,"column":19},"end":{"line":9,"column":56}},"3":{"start":{"line":11,"column":4},"end":{"line":30,"column":6}},"4":{"start":{"line":12,"column":8},"end":{"line":14,"column":9}},"5":{"start":{"line":13,"column":12},"end":{"line":13,"column":70}},"6":{"start":{"line":15,"column":8},"end":{"line":17,"column":9}},"7":{"start":{"line":16,"column":12},"end":{"line":16,"column":75}},"8":{"start":{"line":19,"column":21},"end":{"line":19,"column":43}},"9":{"start":{"line":20,"column":31},"end":{"line":20,"column":62}},"10":{"start":{"line":22,"column":23},"end":{"line":22,"column":92}},"11":{"start":{"line":24,"column":8},"end":{"line":29,"column":10}},"12":{"start":{"line":25,"column":12},"end":{"line":27,"column":13}},"13":{"start":{"line":26,"column":16},"end":{"line":26,"column":81}},"14":{"start":{"line":28,"column":12},"end":{"line":28,"column":83}},"15":{"start":{"line":33,"column":21},"end":{"line":63,"column":1}},"16":{"start":{"line":34,"column":19},"end":{"line":34,"column":56}},"17":{"start":{"line":36,"column":4},"end":{"line":62,"column":6}},"18":{"start":{"line":37,"column":8},"end":{"line":39,"column":9}},"19":{"start":{"line":38,"column":12},"end":{"line":38,"column":70}},"20":{"start":{"line":40,"column":8},"end":{"line":42,"column":9}},"21":{"start":{"line":41,"column":12},"end":{"line":41,"column":70}},"22":{"start":{"line":44,"column":21},"end":{"line":44,"column":28}},"23":{"start":{"line":46,"column":34},"end":{"line":49,"column":9}},"24":{"start":{"line":51,"column":8},"end":{"line":53,"column":9}},"25":{"start":{"line":52,"column":12},"end":{"line":52,"column":58}},"26":{"start":{"line":55,"column":22},"end":{"line":55,"column":68}},"27":{"start":{"line":57,"column":8},"end":{"line":61,"column":10}},"28":{"start":{"line":65,"column":18},"end":{"line":88,"column":1}},"29":{"start":{"line":66,"column":4},"end":{"line":87,"column":5}},"30":{"start":{"line":67,"column":26},"end":{"line":75,"column":10}},"31":{"start":{"line":77,"column":8},"end":{"line":82,"column":10}},"32":{"start":{"line":84,"column":8},"end":{"line":84,"column":46}},"33":{"start":{"line":86,"column":8},"end":{"line":86,"column":52}},"34":{"start":{"line":90,"column":36},"end":{"line":129,"column":1}},"35":{"start":{"line":91,"column":22},"end":{"line":91,"column":30}},"36":{"start":{"line":93,"column":19},"end":{"line":93,"column":56}},"37":{"start":{"line":95,"column":4},"end":{"line":128,"column":6}},"38":{"start":{"line":96,"column":8},"end":{"line":99,"column":9}},"39":{"start":{"line":97,"column":12},"end":{"line":97,"column":55}},"40":{"start":{"line":98,"column":12},"end":{"line":98,"column":64}},"41":{"start":{"line":101,"column":8},"end":{"line":103,"column":9}},"42":{"start":{"line":102,"column":12},"end":{"line":102,"column":58}},"43":{"start":{"line":105,"column":21},"end":{"line":105,"column":29}},"44":{"start":{"line":107,"column":22},"end":{"line":107,"column":100}},"45":{"start":{"line":109,"column":33},"end":{"line":109,"column":117}},"46":{"start":{"line":110,"column":26},"end":{"line":110,"column":53}},"47":{"start":{"line":112,"column":8},"end":{"line":127,"column":10}},"48":{"start":{"line":113,"column":12},"end":{"line":115,"column":13}},"49":{"start":{"line":114,"column":16},"end":{"line":114,"column":68}},"50":{"start":{"line":117,"column":30},"end":{"line":117,"column":87}},"51":{"start":{"line":118,"column":33},"end":{"line":118,"column":62}},"52":{"start":{"line":119,"column":30},"end":{"line":119,"column":272}},"53":{"start":{"line":121,"column":12},"end":{"line":126,"column":13}},"54":{"start":{"line":122,"column":16},"end":{"line":122,"column":68}},"55":{"start":{"line":123,"column":16},"end":{"line":123,"column":89}},"56":{"start":{"line":125,"column":16},"end":{"line":125,"column":59}},"57":{"start":{"line":131,"column":29},"end":{"line":169,"column":1}},"58":{"start":{"line":132,"column":35},"end":{"line":132,"column":43}},"59":{"start":{"line":134,"column":4},"end":{"line":136,"column":5}},"60":{"start":{"line":135,"column":8},"end":{"line":135,"column":54}},"61":{"start":{"line":138,"column":4},"end":{"line":168,"column":6}},"62":{"start":{"line":139,"column":8},"end":{"line":142,"column":9}},"63":{"start":{"line":140,"column":12},"end":{"line":140,"column":56}},"64":{"start":{"line":141,"column":12},"end":{"line":141,"column":67}},"65":{"start":{"line":144,"column":23},"end":{"line":144,"column":33}},"66":{"start":{"line":146,"column":23},"end":{"line":146,"column":117}},"67":{"start":{"line":147,"column":8},"end":{"line":167,"column":10}},"68":{"start":{"line":148,"column":12},"end":{"line":150,"column":13}},"69":{"start":{"line":149,"column":16},"end":{"line":149,"column":68}},"70":{"start":{"line":152,"column":12},"end":{"line":154,"column":13}},"71":{"start":{"line":153,"column":16},"end":{"line":153,"column":71}},"72":{"start":{"line":156,"column":25},"end":{"line":156,"column":47}},"73":{"start":{"line":157,"column":35},"end":{"line":157,"column":69}},"74":{"start":{"line":159,"column":27},"end":{"line":159,"column":131}},"75":{"start":{"line":160,"column":12},"end":{"line":166,"column":14}},"76":{"start":{"line":161,"column":16},"end":{"line":163,"column":17}},"77":{"start":{"line":162,"column":20},"end":{"line":162,"column":72}},"78":{"start":{"line":165,"column":16},"end":{"line":165,"column":76}},"79":{"start":{"line":171,"column":30},"end":{"line":215,"column":1}},"80":{"start":{"line":172,"column":53},"end":{"line":172,"column":61}},"81":{"start":{"line":174,"column":4},"end":{"line":176,"column":5}},"82":{"start":{"line":175,"column":8},"end":{"line":175,"column":85}},"83":{"start":{"line":178,"column":18},"end":{"line":178,"column":63}},"84":{"start":{"line":179,"column":4},"end":{"line":214,"column":6}},"85":{"start":{"line":180,"column":8},"end":{"line":183,"column":9}},"86":{"start":{"line":181,"column":12},"end":{"line":181,"column":63}},"87":{"start":{"line":182,"column":12},"end":{"line":182,"column":64}},"88":{"start":{"line":185,"column":8},"end":{"line":187,"column":9}},"89":{"start":{"line":186,"column":12},"end":{"line":186,"column":57}},"90":{"start":{"line":189,"column":37},"end":{"line":189,"column":56}},"91":{"start":{"line":191,"column":8},"end":{"line":213,"column":10}},"92":{"start":{"line":192,"column":12},"end":{"line":195,"column":13}},"93":{"start":{"line":193,"column":16},"end":{"line":193,"column":64}},"94":{"start":{"line":194,"column":16},"end":{"line":194,"column":68}},"95":{"start":{"line":197,"column":12},"end":{"line":199,"column":13}},"96":{"start":{"line":198,"column":16},"end":{"line":198,"column":76}},"97":{"start":{"line":201,"column":25},"end":{"line":201,"column":47}},"98":{"start":{"line":202,"column":38},"end":{"line":202,"column":72}},"99":{"start":{"line":204,"column":32},"end":{"line":204,"column":80}},"100":{"start":{"line":205,"column":12},"end":{"line":212,"column":14}},"101":{"start":{"line":206,"column":16},"end":{"line":209,"column":17}},"102":{"start":{"line":207,"column":20},"end":{"line":207,"column":66}},"103":{"start":{"line":208,"column":20},"end":{"line":208,"column":72}},"104":{"start":{"line":211,"column":16},"end":{"line":211,"column":69}}},"fnMap":{"0":{"name":"(anonymous_0)","decl":{"start":{"line":6,"column":24},"end":{"line":6,"column":25}},"loc":{"start":{"line":6,"column":38},"end":{"line":31,"column":1}},"line":6},"1":{"name":"(anonymous_1)","decl":{"start":{"line":11,"column":30},"end":{"line":11,"column":31}},"loc":{"start":{"line":11,"column":45},"end":{"line":30,"column":5}},"line":11},"2":{"name":"(anonymous_2)","decl":{"start":{"line":24,"column":60},"end":{"line":24,"column":61}},"loc":{"start":{"line":24,"column":75},"end":{"line":29,"column":9}},"line":24},"3":{"name":"(anonymous_3)","decl":{"start":{"line":33,"column":21},"end":{"line":33,"column":22}},"loc":{"start":{"line":33,"column":35},"end":{"line":63,"column":1}},"line":33},"4":{"name":"(anonymous_4)","decl":{"start":{"line":36,"column":39},"end":{"line":36,"column":40}},"loc":{"start":{"line":36,"column":54},"end":{"line":62,"column":5}},"line":36},"5":{"name":"(anonymous_5)","decl":{"start":{"line":65,"column":18},"end":{"line":65,"column":19}},"loc":{"start":{"line":65,"column":47},"end":{"line":88,"column":1}},"line":65},"6":{"name":"(anonymous_6)","decl":{"start":{"line":90,"column":36},"end":{"line":90,"column":37}},"loc":{"start":{"line":90,"column":50},"end":{"line":129,"column":1}},"line":90},"7":{"name":"(anonymous_7)","decl":{"start":{"line":95,"column":30},"end":{"line":95,"column":31}},"loc":{"start":{"line":95,"column":52},"end":{"line":128,"column":5}},"line":95},"8":{"name":"(anonymous_8)","decl":{"start":{"line":112,"column":78},"end":{"line":112,"column":79}},"loc":{"start":{"line":112,"column":101},"end":{"line":127,"column":9}},"line":112},"9":{"name":"(anonymous_9)","decl":{"start":{"line":131,"column":29},"end":{"line":131,"column":30}},"loc":{"start":{"line":131,"column":43},"end":{"line":169,"column":1}},"line":131},"10":{"name":"(anonymous_10)","decl":{"start":{"line":138,"column":49},"end":{"line":138,"column":50}},"loc":{"start":{"line":138,"column":67},"end":{"line":168,"column":5}},"line":138},"11":{"name":"(anonymous_11)","decl":{"start":{"line":147,"column":54},"end":{"line":147,"column":55}},"loc":{"start":{"line":147,"column":70},"end":{"line":167,"column":9}},"line":147},"12":{"name":"(anonymous_12)","decl":{"start":{"line":160,"column":55},"end":{"line":160,"column":56}},"loc":{"start":{"line":160,"column":72},"end":{"line":166,"column":13}},"line":160},"13":{"name":"(anonymous_13)","decl":{"start":{"line":171,"column":30},"end":{"line":171,"column":31}},"loc":{"start":{"line":171,"column":44},"end":{"line":215,"column":1}},"line":171},"14":{"name":"(anonymous_14)","decl":{"start":{"line":179,"column":30},"end":{"line":179,"column":31}},"loc":{"start":{"line":179,"column":48},"end":{"line":214,"column":5}},"line":179},"15":{"name":"(anonymous_15)","decl":{"start":{"line":191,"column":62},"end":{"line":191,"column":63}},"loc":{"start":{"line":191,"column":80},"end":{"line":213,"column":9}},"line":191},"16":{"name":"(anonymous_16)","decl":{"start":{"line":205,"column":63},"end":{"line":205,"column":64}},"loc":{"start":{"line":205,"column":80},"end":{"line":212,"column":13}},"line":205}},"branchMap":{"0":{"loc":{"start":{"line":12,"column":8},"end":{"line":14,"column":9}},"type":"if","locations":[{"start":{"line":12,"column":8},"end":{"line":14,"column":9}},{"start":{},"end":{}}],"line":12},"1":{"loc":{"start":{"line":15,"column":8},"end":{"line":17,"column":9}},"type":"if","locations":[{"start":{"line":15,"column":8},"end":{"line":17,"column":9}},{"start":{},"end":{}}],"line":15},"2":{"loc":{"start":{"line":25,"column":12},"end":{"line":27,"column":13}},"type":"if","locations":[{"start":{"line":25,"column":12},"end":{"line":27,"column":13}},{"start":{},"end":{}}],"line":25},"3":{"loc":{"start":{"line":37,"column":8},"end":{"line":39,"column":9}},"type":"if","locations":[{"start":{"line":37,"column":8},"end":{"line":39,"column":9}},{"start":{},"end":{}}],"line":37},"4":{"loc":{"start":{"line":40,"column":8},"end":{"line":42,"column":9}},"type":"if","locations":[{"start":{"line":40,"column":8},"end":{"line":42,"column":9}},{"start":{},"end":{}}],"line":40},"5":{"loc":{"start":{"line":51,"column":8},"end":{"line":53,"column":9}},"type":"if","locations":[{"start":{"line":51,"column":8},"end":{"line":53,"column":9}},{"start":{},"end":{}}],"line":51},"6":{"loc":{"start":{"line":96,"column":8},"end":{"line":99,"column":9}},"type":"if","locations":[{"start":{"line":96,"column":8},"end":{"line":99,"column":9}},{"start":{},"end":{}}],"line":96},"7":{"loc":{"start":{"line":101,"column":8},"end":{"line":103,"column":9}},"type":"if","locations":[{"start":{"line":101,"column":8},"end":{"line":103,"column":9}},{"start":{},"end":{}}],"line":101},"8":{"loc":{"start":{"line":113,"column":12},"end":{"line":115,"column":13}},"type":"if","locations":[{"start":{"line":113,"column":12},"end":{"line":115,"column":13}},{"start":{},"end":{}}],"line":113},"9":{"loc":{"start":{"line":134,"column":4},"end":{"line":136,"column":5}},"type":"if","locations":[{"start":{"line":134,"column":4},"end":{"line":136,"column":5}},{"start":{},"end":{}}],"line":134},"10":{"loc":{"start":{"line":134,"column":8},"end":{"line":134,"column":30}},"type":"binary-expr","locations":[{"start":{"line":134,"column":8},"end":{"line":134,"column":14}},{"start":{"line":134,"column":18},"end":{"line":134,"column":30}}],"line":134},"11":{"loc":{"start":{"line":139,"column":8},"end":{"line":142,"column":9}},"type":"if","locations":[{"start":{"line":139,"column":8},"end":{"line":142,"column":9}},{"start":{},"end":{}}],"line":139},"12":{"loc":{"start":{"line":148,"column":12},"end":{"line":150,"column":13}},"type":"if","locations":[{"start":{"line":148,"column":12},"end":{"line":150,"column":13}},{"start":{},"end":{}}],"line":148},"13":{"loc":{"start":{"line":152,"column":12},"end":{"line":154,"column":13}},"type":"if","locations":[{"start":{"line":152,"column":12},"end":{"line":154,"column":13}},{"start":{},"end":{}}],"line":152},"14":{"loc":{"start":{"line":161,"column":16},"end":{"line":163,"column":17}},"type":"if","locations":[{"start":{"line":161,"column":16},"end":{"line":163,"column":17}},{"start":{},"end":{}}],"line":161},"15":{"loc":{"start":{"line":174,"column":4},"end":{"line":176,"column":5}},"type":"if","locations":[{"start":{"line":174,"column":4},"end":{"line":176,"column":5}},{"start":{},"end":{}}],"line":174},"16":{"loc":{"start":{"line":174,"column":8},"end":{"line":174,"column":40}},"type":"binary-expr","locations":[{"start":{"line":174,"column":8},"end":{"line":174,"column":24}},{"start":{"line":174,"column":28},"end":{"line":174,"column":40}}],"line":174},"17":{"loc":{"start":{"line":180,"column":8},"end":{"line":183,"column":9}},"type":"if","locations":[{"start":{"line":180,"column":8},"end":{"line":183,"column":9}},{"start":{},"end":{}}],"line":180},"18":{"loc":{"start":{"line":185,"column":8},"end":{"line":187,"column":9}},"type":"if","locations":[{"start":{"line":185,"column":8},"end":{"line":187,"column":9}},{"start":{},"end":{}}],"line":185},"19":{"loc":{"start":{"line":192,"column":12},"end":{"line":195,"column":13}},"type":"if","locations":[{"start":{"line":192,"column":12},"end":{"line":195,"column":13}},{"start":{},"end":{}}],"line":192},"20":{"loc":{"start":{"line":197,"column":12},"end":{"line":199,"column":13}},"type":"if","locations":[{"start":{"line":197,"column":12},"end":{"line":199,"column":13}},{"start":{},"end":{}}],"line":197},"21":{"loc":{"start":{"line":206,"column":16},"end":{"line":209,"column":17}},"type":"if","locations":[{"start":{"line":206,"column":16},"end":{"line":209,"column":17}},{"start":{},"end":{}}],"line":206}},"s":{"0":1,"1":2,"2":2,"3":2,"4":2,"5":0,"6":2,"7":1,"8":1,"9":1,"10":1,"11":1,"12":1,"13":0,"14":1,"15":1,"16":3,"17":3,"18":3,"19":0,"20":3,"21":1,"22":2,"23":2,"24":2,"25":1,"26":1,"27":1,"28":1,"29":1,"30":1,"31":1,"32":1,"33":0,"34":1,"35":2,"36":2,"37":2,"38":2,"39":0,"40":0,"41":2,"42":1,"43":1,"44":1,"45":1,"46":1,"47":1,"48":1,"49":0,"50":1,"51":1,"52":1,"53":1,"54":1,"55":1,"56":0,"57":1,"58":2,"59":2,"60":0,"61":2,"62":2,"63":1,"64":1,"65":1,"66":1,"67":1,"68":1,"69":0,"70":1,"71":0,"72":1,"73":1,"74":1,"75":1,"76":1,"77":0,"78":1,"79":1,"80":3,"81":3,"82":0,"83":3,"84":3,"85":3,"86":0,"87":0,"88":3,"89":1,"90":2,"91":2,"92":2,"93":0,"94":0,"95":2,"96":1,"97":1,"98":1,"99":1,"100":1,"101":1,"102":0,"103":0,"104":1},"f":{"0":2,"1":2,"2":1,"3":3,"4":3,"5":1,"6":2,"7":2,"8":1,"9":2,"10":2,"11":1,"12":1,"13":3,"14":3,"15":2,"16":1},"b":{"0":[0,2],"1":[1,1],"2":[0,1],"3":[0,3],"4":[1,2],"5":[1,1],"6":[0,2],"7":[1,1],"8":[0,1],"9":[0,2],"10":[2,2],"11":[1,1],"12":[0,1],"13":[0,1],"14":[0,1],"15":[0,3],"16":[3,3],"17":[0,3],"18":[1,2],"19":[0,2],"20":[1,1],"21":[0,1]},"_coverageSchema":"1a1c01bbd47fc00a2c39e90264f33305004495a9","hash":"5f28f13173c2fa5b646e0830e6e4c8d7db88045e"}
,"/home/buni/Projects/Internetprogrammierung/api/src/controllers/conversation.controller.js": {"path":"/home/buni/Projects/Internetprogrammierung/api/src/controllers/conversation.controller.js","statementMap":{"0":{"start":{"line":4,"column":34},"end":{"line":22,"column":1}},"1":{"start":{"line":5,"column":37},"end":{"line":5,"column":45}},"2":{"start":{"line":7,"column":18},"end":{"line":7,"column":82}},"3":{"start":{"line":8,"column":19},"end":{"line":8,"column":41}},"4":{"start":{"line":10,"column":4},"end":{"line":21,"column":6}},"5":{"start":{"line":11,"column":8},"end":{"line":14,"column":9}},"6":{"start":{"line":12,"column":12},"end":{"line":12,"column":62}},"7":{"start":{"line":13,"column":12},"end":{"line":13,"column":75}},"8":{"start":{"line":16,"column":8},"end":{"line":20,"column":10}},"9":{"start":{"line":25,"column":40},"end":{"line":39,"column":1}},"10":{"start":{"line":26,"column":23},"end":{"line":26,"column":33}},"11":{"start":{"line":28,"column":18},"end":{"line":28,"column":84}},"12":{"start":{"line":29,"column":19},"end":{"line":29,"column":35}},"13":{"start":{"line":31,"column":4},"end":{"line":38,"column":6}},"14":{"start":{"line":32,"column":8},"end":{"line":35,"column":9}},"15":{"start":{"line":33,"column":12},"end":{"line":33,"column":63}},"16":{"start":{"line":34,"column":12},"end":{"line":34,"column":75}},"17":{"start":{"line":37,"column":8},"end":{"line":37,"column":41}},"18":{"start":{"line":42,"column":43},"end":{"line":65,"column":1}},"19":{"start":{"line":43,"column":42},"end":{"line":43,"column":52}},"20":{"start":{"line":45,"column":18},"end":{"line":50,"column":5}},"21":{"start":{"line":51,"column":19},"end":{"line":51,"column":73}},"22":{"start":{"line":53,"column":4},"end":{"line":64,"column":6}},"23":{"start":{"line":54,"column":8},"end":{"line":57,"column":9}},"24":{"start":{"line":55,"column":12},"end":{"line":55,"column":62}},"25":{"start":{"line":56,"column":12},"end":{"line":56,"column":75}},"26":{"start":{"line":59,"column":8},"end":{"line":63,"column":9}},"27":{"start":{"line":60,"column":12},"end":{"line":60,"column":48}},"28":{"start":{"line":62,"column":12},"end":{"line":62,"column":76}}},"fnMap":{"0":{"name":"(anonymous_0)","decl":{"start":{"line":4,"column":34},"end":{"line":4,"column":35}},"loc":{"start":{"line":4,"column":48},"end":{"line":22,"column":1}},"line":4},"1":{"name":"(anonymous_1)","decl":{"start":{"line":10,"column":28},"end":{"line":10,"column":29}},"loc":{"start":{"line":10,"column":45},"end":{"line":21,"column":5}},"line":10},"2":{"name":"(anonymous_2)","decl":{"start":{"line":25,"column":40},"end":{"line":25,"column":41}},"loc":{"start":{"line":25,"column":54},"end":{"line":39,"column":1}},"line":25},"3":{"name":"(anonymous_3)","decl":{"start":{"line":31,"column":28},"end":{"line":31,"column":29}},"loc":{"start":{"line":31,"column":43},"end":{"line":38,"column":5}},"line":31},"4":{"name":"(anonymous_4)","decl":{"start":{"line":42,"column":43},"end":{"line":42,"column":44}},"loc":{"start":{"line":42,"column":57},"end":{"line":65,"column":1}},"line":42},"5":{"name":"(anonymous_5)","decl":{"start":{"line":53,"column":28},"end":{"line":53,"column":29}},"loc":{"start":{"line":53,"column":43},"end":{"line":64,"column":5}},"line":53}},"branchMap":{"0":{"loc":{"start":{"line":11,"column":8},"end":{"line":14,"column":9}},"type":"if","locations":[{"start":{"line":11,"column":8},"end":{"line":14,"column":9}},{"start":{},"end":{}}],"line":11},"1":{"loc":{"start":{"line":32,"column":8},"end":{"line":35,"column":9}},"type":"if","locations":[{"start":{"line":32,"column":8},"end":{"line":35,"column":9}},{"start":{},"end":{}}],"line":32},"2":{"loc":{"start":{"line":54,"column":8},"end":{"line":57,"column":9}},"type":"if","locations":[{"start":{"line":54,"column":8},"end":{"line":57,"column":9}},{"start":{},"end":{}}],"line":54},"3":{"loc":{"start":{"line":59,"column":8},"end":{"line":63,"column":9}},"type":"if","locations":[{"start":{"line":59,"column":8},"end":{"line":63,"column":9}},{"start":{"line":61,"column":15},"end":{"line":63,"column":9}}],"line":59}},"s":{"0":1,"1":2,"2":2,"3":2,"4":2,"5":2,"6":1,"7":1,"8":1,"9":1,"10":2,"11":2,"12":2,"13":2,"14":2,"15":1,"16":1,"17":1,"18":1,"19":3,"20":3,"21":3,"22":3,"23":3,"24":1,"25":1,"26":2,"27":1,"28":1},"f":{"0":2,"1":2,"2":2,"3":2,"4":3,"5":3},"b":{"0":[1,1],"1":[1,1],"2":[1,2],"3":[1,1]},"_coverageSchema":"1a1c01bbd47fc00a2c39e90264f33305004495a9","hash":"7287f9f960ee52674055bd46f1ac5fc3600792e6"}
,"/home/buni/Projects/Internetprogrammierung/api/src/controllers/follower.controller.js": {"path":"/home/buni/Projects/Internetprogrammierung/api/src/controllers/follower.controller.js","statementMap":{"0":{"start":{"line":4,"column":30},"end":{"line":20,"column":1}},"1":{"start":{"line":5,"column":23},"end":{"line":5,"column":31}},"2":{"start":{"line":6,"column":27},"end":{"line":6,"column":37}},"3":{"start":{"line":8,"column":4},"end":{"line":10,"column":5}},"4":{"start":{"line":9,"column":8},"end":{"line":9,"column":84}},"5":{"start":{"line":12,"column":18},"end":{"line":12,"column":81}},"6":{"start":{"line":13,"column":4},"end":{"line":19,"column":6}},"7":{"start":{"line":14,"column":8},"end":{"line":17,"column":9}},"8":{"start":{"line":15,"column":12},"end":{"line":15,"column":58}},"9":{"start":{"line":16,"column":12},"end":{"line":16,"column":75}},"10":{"start":{"line":18,"column":8},"end":{"line":18,"column":74}},"11":{"start":{"line":22,"column":32},"end":{"line":53,"column":1}},"12":{"start":{"line":23,"column":23},"end":{"line":23,"column":33}},"13":{"start":{"line":25,"column":4},"end":{"line":27,"column":5}},"14":{"start":{"line":26,"column":8},"end":{"line":26,"column":68}},"15":{"start":{"line":29,"column":18},"end":{"line":34,"column":5}},"16":{"start":{"line":36,"column":4},"end":{"line":52,"column":6}},"17":{"start":{"line":37,"column":8},"end":{"line":40,"column":9}},"18":{"start":{"line":38,"column":12},"end":{"line":38,"column":59}},"19":{"start":{"line":39,"column":12},"end":{"line":39,"column":75}},"20":{"start":{"line":42,"column":37},"end":{"line":49,"column":11}},"21":{"start":{"line":42,"column":62},"end":{"line":49,"column":9}},"22":{"start":{"line":51,"column":8},"end":{"line":51,"column":50}},"23":{"start":{"line":55,"column":32},"end":{"line":86,"column":1}},"24":{"start":{"line":56,"column":23},"end":{"line":56,"column":33}},"25":{"start":{"line":58,"column":4},"end":{"line":60,"column":5}},"26":{"start":{"line":59,"column":8},"end":{"line":59,"column":68}},"27":{"start":{"line":62,"column":18},"end":{"line":67,"column":5}},"28":{"start":{"line":69,"column":4},"end":{"line":85,"column":6}},"29":{"start":{"line":70,"column":8},"end":{"line":73,"column":9}},"30":{"start":{"line":71,"column":12},"end":{"line":71,"column":64}},"31":{"start":{"line":72,"column":12},"end":{"line":72,"column":75}},"32":{"start":{"line":75,"column":37},"end":{"line":82,"column":11}},"33":{"start":{"line":75,"column":58},"end":{"line":82,"column":9}},"34":{"start":{"line":84,"column":8},"end":{"line":84,"column":50}},"35":{"start":{"line":89,"column":26},"end":{"line":106,"column":1}},"36":{"start":{"line":90,"column":35},"end":{"line":90,"column":45}},"37":{"start":{"line":93,"column":4},"end":{"line":95,"column":5}},"38":{"start":{"line":94,"column":8},"end":{"line":94,"column":89}},"39":{"start":{"line":98,"column":18},"end":{"line":98,"column":80}},"40":{"start":{"line":99,"column":4},"end":{"line":105,"column":6}},"41":{"start":{"line":100,"column":8},"end":{"line":103,"column":9}},"42":{"start":{"line":101,"column":12},"end":{"line":101,"column":55}},"43":{"start":{"line":102,"column":12},"end":{"line":102,"column":75}},"44":{"start":{"line":104,"column":8},"end":{"line":104,"column":71}},"45":{"start":{"line":109,"column":28},"end":{"line":126,"column":1}},"46":{"start":{"line":110,"column":35},"end":{"line":110,"column":45}},"47":{"start":{"line":113,"column":4},"end":{"line":115,"column":5}},"48":{"start":{"line":114,"column":8},"end":{"line":114,"column":89}},"49":{"start":{"line":118,"column":18},"end":{"line":118,"column":81}},"50":{"start":{"line":119,"column":4},"end":{"line":125,"column":6}},"51":{"start":{"line":120,"column":8},"end":{"line":123,"column":9}},"52":{"start":{"line":121,"column":12},"end":{"line":121,"column":57}},"53":{"start":{"line":122,"column":12},"end":{"line":122,"column":75}},"54":{"start":{"line":124,"column":8},"end":{"line":124,"column":73}}},"fnMap":{"0":{"name":"(anonymous_0)","decl":{"start":{"line":4,"column":30},"end":{"line":4,"column":31}},"loc":{"start":{"line":4,"column":44},"end":{"line":20,"column":1}},"line":4},"1":{"name":"(anonymous_1)","decl":{"start":{"line":13,"column":42},"end":{"line":13,"column":43}},"loc":{"start":{"line":13,"column":60},"end":{"line":19,"column":5}},"line":13},"2":{"name":"(anonymous_2)","decl":{"start":{"line":22,"column":32},"end":{"line":22,"column":33}},"loc":{"start":{"line":22,"column":46},"end":{"line":53,"column":1}},"line":22},"3":{"name":"(anonymous_3)","decl":{"start":{"line":36,"column":30},"end":{"line":36,"column":31}},"loc":{"start":{"line":36,"column":48},"end":{"line":52,"column":5}},"line":36},"4":{"name":"(anonymous_4)","decl":{"start":{"line":42,"column":49},"end":{"line":42,"column":50}},"loc":{"start":{"line":42,"column":62},"end":{"line":49,"column":9}},"line":42},"5":{"name":"(anonymous_5)","decl":{"start":{"line":55,"column":32},"end":{"line":55,"column":33}},"loc":{"start":{"line":55,"column":46},"end":{"line":86,"column":1}},"line":55},"6":{"name":"(anonymous_6)","decl":{"start":{"line":69,"column":30},"end":{"line":69,"column":31}},"loc":{"start":{"line":69,"column":48},"end":{"line":85,"column":5}},"line":69},"7":{"name":"(anonymous_7)","decl":{"start":{"line":75,"column":49},"end":{"line":75,"column":50}},"loc":{"start":{"line":75,"column":58},"end":{"line":82,"column":9}},"line":75},"8":{"name":"(anonymous_8)","decl":{"start":{"line":89,"column":26},"end":{"line":89,"column":27}},"loc":{"start":{"line":89,"column":40},"end":{"line":106,"column":1}},"line":89},"9":{"name":"(anonymous_9)","decl":{"start":{"line":99,"column":42},"end":{"line":99,"column":43}},"loc":{"start":{"line":99,"column":60},"end":{"line":105,"column":5}},"line":99},"10":{"name":"(anonymous_10)","decl":{"start":{"line":109,"column":28},"end":{"line":109,"column":29}},"loc":{"start":{"line":109,"column":42},"end":{"line":126,"column":1}},"line":109},"11":{"name":"(anonymous_11)","decl":{"start":{"line":119,"column":42},"end":{"line":119,"column":43}},"loc":{"start":{"line":119,"column":60},"end":{"line":125,"column":5}},"line":119}},"branchMap":{"0":{"loc":{"start":{"line":8,"column":4},"end":{"line":10,"column":5}},"type":"if","locations":[{"start":{"line":8,"column":4},"end":{"line":10,"column":5}},{"start":{},"end":{}}],"line":8},"1":{"loc":{"start":{"line":8,"column":8},"end":{"line":8,"column":30}},"type":"binary-expr","locations":[{"start":{"line":8,"column":8},"end":{"line":8,"column":15}},{"start":{"line":8,"column":19},"end":{"line":8,"column":30}}],"line":8},"2":{"loc":{"start":{"line":14,"column":8},"end":{"line":17,"column":9}},"type":"if","locations":[{"start":{"line":14,"column":8},"end":{"line":17,"column":9}},{"start":{},"end":{}}],"line":14},"3":{"loc":{"start":{"line":25,"column":4},"end":{"line":27,"column":5}},"type":"if","locations":[{"start":{"line":25,"column":4},"end":{"line":27,"column":5}},{"start":{},"end":{}}],"line":25},"4":{"loc":{"start":{"line":37,"column":8},"end":{"line":40,"column":9}},"type":"if","locations":[{"start":{"line":37,"column":8},"end":{"line":40,"column":9}},{"start":{},"end":{}}],"line":37},"5":{"loc":{"start":{"line":58,"column":4},"end":{"line":60,"column":5}},"type":"if","locations":[{"start":{"line":58,"column":4},"end":{"line":60,"column":5}},{"start":{},"end":{}}],"line":58},"6":{"loc":{"start":{"line":70,"column":8},"end":{"line":73,"column":9}},"type":"if","locations":[{"start":{"line":70,"column":8},"end":{"line":73,"column":9}},{"start":{},"end":{}}],"line":70},"7":{"loc":{"start":{"line":93,"column":4},"end":{"line":95,"column":5}},"type":"if","locations":[{"start":{"line":93,"column":4},"end":{"line":95,"column":5}},{"start":{},"end":{}}],"line":93},"8":{"loc":{"start":{"line":93,"column":8},"end":{"line":93,"column":30}},"type":"binary-expr","locations":[{"start":{"line":93,"column":8},"end":{"line":93,"column":15}},{"start":{"line":93,"column":19},"end":{"line":93,"column":30}}],"line":93},"9":{"loc":{"start":{"line":100,"column":8},"end":{"line":103,"column":9}},"type":"if","locations":[{"start":{"line":100,"column":8},"end":{"line":103,"column":9}},{"start":{},"end":{}}],"line":100},"10":{"loc":{"start":{"line":113,"column":4},"end":{"line":115,"column":5}},"type":"if","locations":[{"start":{"line":113,"column":4},"end":{"line":115,"column":5}},{"start":{},"end":{}}],"line":113},"11":{"loc":{"start":{"line":113,"column":8},"end":{"line":113,"column":30}},"type":"binary-expr","locations":[{"start":{"line":113,"column":8},"end":{"line":113,"column":15}},{"start":{"line":113,"column":19},"end":{"line":113,"column":30}}],"line":113},"12":{"loc":{"start":{"line":120,"column":8},"end":{"line":123,"column":9}},"type":"if","locations":[{"start":{"line":120,"column":8},"end":{"line":123,"column":9}},{"start":{},"end":{}}],"line":120}},"s":{"0":1,"1":0,"2":0,"3":0,"4":0,"5":0,"6":0,"7":0,"8":0,"9":0,"10":0,"11":1,"12":2,"13":2,"14":0,"15":2,"16":2,"17":2,"18":1,"19":1,"20":1,"21":2,"22":1,"23":1,"24":2,"25":2,"26":0,"27":2,"28":2,"29":2,"30":1,"31":1,"32":1,"33":2,"34":1,"35":1,"36":2,"37":2,"38":0,"39":2,"40":2,"41":2,"42":1,"43":1,"44":1,"45":1,"46":2,"47":2,"48":0,"49":2,"50":2,"51":2,"52":1,"53":1,"54":1},"f":{"0":0,"1":0,"2":2,"3":2,"4":2,"5":2,"6":2,"7":2,"8":2,"9":2,"10":2,"11":2},"b":{"0":[0,0],"1":[0,0],"2":[0,0],"3":[0,2],"4":[1,1],"5":[0,2],"6":[1,1],"7":[0,2],"8":[2,2],"9":[1,1],"10":[0,2],"11":[2,2],"12":[1,1]},"_coverageSchema":"1a1c01bbd47fc00a2c39e90264f33305004495a9","hash":"c32fcf1ea37995001a0c076d044fc41e3ec77d19"}
,"/home/buni/Projects/Internetprogrammierung/api/src/controllers/message.controller.js": {"path":"/home/buni/Projects/Internetprogrammierung/api/src/controllers/message.controller.js","statementMap":{"0":{"start":{"line":3,"column":29},"end":{"line":16,"column":1}},"1":{"start":{"line":4,"column":47},"end":{"line":4,"column":55}},"2":{"start":{"line":6,"column":4},"end":{"line":15,"column":5}},"3":{"start":{"line":7,"column":25},"end":{"line":10,"column":9}},"4":{"start":{"line":12,"column":8},"end":{"line":12,"column":85}},"5":{"start":{"line":14,"column":8},"end":{"line":14,"column":64}},"6":{"start":{"line":18,"column":43},"end":{"line":31,"column":1}},"7":{"start":{"line":19,"column":31},"end":{"line":19,"column":41}},"8":{"start":{"line":21,"column":4},"end":{"line":30,"column":5}},"9":{"start":{"line":22,"column":23},"end":{"line":25,"column":9}},"10":{"start":{"line":27,"column":8},"end":{"line":27,"column":34}},"11":{"start":{"line":29,"column":8},"end":{"line":29,"column":64}}},"fnMap":{"0":{"name":"(anonymous_0)","decl":{"start":{"line":3,"column":29},"end":{"line":3,"column":30}},"loc":{"start":{"line":3,"column":49},"end":{"line":16,"column":1}},"line":3},"1":{"name":"(anonymous_1)","decl":{"start":{"line":18,"column":43},"end":{"line":18,"column":44}},"loc":{"start":{"line":18,"column":63},"end":{"line":31,"column":1}},"line":18}},"branchMap":{},"s":{"0":1,"1":1,"2":1,"3":1,"4":0,"5":1,"6":1,"7":1,"8":1,"9":1,"10":0,"11":1},"f":{"0":1,"1":1},"b":{},"_coverageSchema":"1a1c01bbd47fc00a2c39e90264f33305004495a9","hash":"f4a475a2f611a3a95a0c8cd5f93d822496cfaaf7"}
,"/home/buni/Projects/Internetprogrammierung/api/src/controllers/review.controller.js": {"path":"/home/buni/Projects/Internetprogrammierung/api/src/controllers/review.controller.js","statementMap":{"0":{"start":{"line":5,"column":28},"end":{"line":23,"column":1}},"1":{"start":{"line":6,"column":48},"end":{"line":6,"column":56}},"2":{"start":{"line":8,"column":14},"end":{"line":11,"column":5}},"3":{"start":{"line":13,"column":4},"end":{"line":22,"column":6}},"4":{"start":{"line":14,"column":8},"end":{"line":16,"column":9}},"5":{"start":{"line":15,"column":12},"end":{"line":15,"column":44}},"6":{"start":{"line":18,"column":8},"end":{"line":21,"column":10}},"7":{"start":{"line":26,"column":26},"end":{"line":36,"column":1}},"8":{"start":{"line":27,"column":14},"end":{"line":27,"column":37}},"9":{"start":{"line":29,"column":4},"end":{"line":35,"column":6}},"10":{"start":{"line":30,"column":8},"end":{"line":32,"column":9}},"11":{"start":{"line":31,"column":12},"end":{"line":31,"column":44}},"12":{"start":{"line":34,"column":8},"end":{"line":34,"column":44}},"13":{"start":{"line":39,"column":29},"end":{"line":55,"column":1}},"14":{"start":{"line":40,"column":23},"end":{"line":40,"column":33}},"15":{"start":{"line":42,"column":14},"end":{"line":42,"column":56}},"16":{"start":{"line":44,"column":4},"end":{"line":54,"column":6}},"17":{"start":{"line":45,"column":8},"end":{"line":47,"column":9}},"18":{"start":{"line":46,"column":12},"end":{"line":46,"column":44}},"19":{"start":{"line":49,"column":8},"end":{"line":51,"column":9}},"20":{"start":{"line":50,"column":12},"end":{"line":50,"column":70}},"21":{"start":{"line":53,"column":8},"end":{"line":53,"column":47}},"22":{"start":{"line":58,"column":28},"end":{"line":80,"column":1}},"23":{"start":{"line":59,"column":23},"end":{"line":59,"column":33}},"24":{"start":{"line":60,"column":27},"end":{"line":60,"column":35}},"25":{"start":{"line":62,"column":14},"end":{"line":67,"column":5}},"26":{"start":{"line":69,"column":4},"end":{"line":79,"column":6}},"27":{"start":{"line":70,"column":8},"end":{"line":72,"column":9}},"28":{"start":{"line":71,"column":12},"end":{"line":71,"column":44}},"29":{"start":{"line":74,"column":8},"end":{"line":76,"column":9}},"30":{"start":{"line":75,"column":12},"end":{"line":75,"column":70}},"31":{"start":{"line":78,"column":8},"end":{"line":78,"column":77}},"32":{"start":{"line":83,"column":28},"end":{"line":99,"column":1}},"33":{"start":{"line":84,"column":23},"end":{"line":84,"column":33}},"34":{"start":{"line":86,"column":14},"end":{"line":86,"column":54}},"35":{"start":{"line":88,"column":4},"end":{"line":98,"column":6}},"36":{"start":{"line":89,"column":8},"end":{"line":91,"column":9}},"37":{"start":{"line":90,"column":12},"end":{"line":90,"column":44}},"38":{"start":{"line":93,"column":8},"end":{"line":95,"column":9}},"39":{"start":{"line":94,"column":12},"end":{"line":94,"column":70}},"40":{"start":{"line":97,"column":8},"end":{"line":97,"column":77}},"41":{"start":{"line":102,"column":34},"end":{"line":114,"column":1}},"42":{"start":{"line":103,"column":23},"end":{"line":103,"column":33}},"43":{"start":{"line":105,"column":14},"end":{"line":105,"column":56}},"44":{"start":{"line":107,"column":4},"end":{"line":113,"column":6}},"45":{"start":{"line":108,"column":8},"end":{"line":110,"column":9}},"46":{"start":{"line":109,"column":12},"end":{"line":109,"column":44}},"47":{"start":{"line":112,"column":8},"end":{"line":112,"column":44}},"48":{"start":{"line":117,"column":35},"end":{"line":148,"column":1}},"49":{"start":{"line":118,"column":24},"end":{"line":118,"column":34}},"50":{"start":{"line":119,"column":4},"end":{"line":119,"column":41}},"51":{"start":{"line":122,"column":4},"end":{"line":124,"column":5}},"52":{"start":{"line":123,"column":8},"end":{"line":123,"column":67}},"53":{"start":{"line":126,"column":14},"end":{"line":131,"column":5}},"54":{"start":{"line":133,"column":4},"end":{"line":147,"column":6}},"55":{"start":{"line":134,"column":8},"end":{"line":137,"column":9}},"56":{"start":{"line":135,"column":12},"end":{"line":135,"column":54}},"57":{"start":{"line":136,"column":12},"end":{"line":136,"column":88}},"58":{"start":{"line":139,"column":34},"end":{"line":142,"column":11}},"59":{"start":{"line":139,"column":57},"end":{"line":142,"column":9}},"60":{"start":{"line":144,"column":8},"end":{"line":144,"column":49}},"61":{"start":{"line":146,"column":8},"end":{"line":146,"column":54}}},"fnMap":{"0":{"name":"(anonymous_0)","decl":{"start":{"line":5,"column":28},"end":{"line":5,"column":29}},"loc":{"start":{"line":5,"column":42},"end":{"line":23,"column":1}},"line":5},"1":{"name":"(anonymous_1)","decl":{"start":{"line":13,"column":53},"end":{"line":13,"column":54}},"loc":{"start":{"line":13,"column":70},"end":{"line":22,"column":5}},"line":13},"2":{"name":"(anonymous_2)","decl":{"start":{"line":26,"column":26},"end":{"line":26,"column":27}},"loc":{"start":{"line":26,"column":40},"end":{"line":36,"column":1}},"line":26},"3":{"name":"(anonymous_3)","decl":{"start":{"line":29,"column":16},"end":{"line":29,"column":17}},"loc":{"start":{"line":29,"column":34},"end":{"line":35,"column":5}},"line":29},"4":{"name":"(anonymous_4)","decl":{"start":{"line":39,"column":29},"end":{"line":39,"column":30}},"loc":{"start":{"line":39,"column":43},"end":{"line":55,"column":1}},"line":39},"5":{"name":"(anonymous_5)","decl":{"start":{"line":44,"column":28},"end":{"line":44,"column":29}},"loc":{"start":{"line":44,"column":46},"end":{"line":54,"column":5}},"line":44},"6":{"name":"(anonymous_6)","decl":{"start":{"line":58,"column":28},"end":{"line":58,"column":29}},"loc":{"start":{"line":58,"column":42},"end":{"line":80,"column":1}},"line":58},"7":{"name":"(anonymous_7)","decl":{"start":{"line":69,"column":42},"end":{"line":69,"column":43}},"loc":{"start":{"line":69,"column":59},"end":{"line":79,"column":5}},"line":69},"8":{"name":"(anonymous_8)","decl":{"start":{"line":83,"column":28},"end":{"line":83,"column":29}},"loc":{"start":{"line":83,"column":42},"end":{"line":99,"column":1}},"line":83},"9":{"name":"(anonymous_9)","decl":{"start":{"line":88,"column":28},"end":{"line":88,"column":29}},"loc":{"start":{"line":88,"column":45},"end":{"line":98,"column":5}},"line":88},"10":{"name":"(anonymous_10)","decl":{"start":{"line":102,"column":34},"end":{"line":102,"column":35}},"loc":{"start":{"line":102,"column":48},"end":{"line":114,"column":1}},"line":102},"11":{"name":"(anonymous_11)","decl":{"start":{"line":107,"column":28},"end":{"line":107,"column":29}},"loc":{"start":{"line":107,"column":46},"end":{"line":113,"column":5}},"line":107},"12":{"name":"(anonymous_12)","decl":{"start":{"line":117,"column":35},"end":{"line":117,"column":36}},"loc":{"start":{"line":117,"column":49},"end":{"line":148,"column":1}},"line":117},"13":{"name":"(anonymous_13)","decl":{"start":{"line":133,"column":29},"end":{"line":133,"column":30}},"loc":{"start":{"line":133,"column":47},"end":{"line":147,"column":5}},"line":133},"14":{"name":"(anonymous_14)","decl":{"start":{"line":139,"column":46},"end":{"line":139,"column":47}},"loc":{"start":{"line":139,"column":57},"end":{"line":142,"column":9}},"line":139}},"branchMap":{"0":{"loc":{"start":{"line":14,"column":8},"end":{"line":16,"column":9}},"type":"if","locations":[{"start":{"line":14,"column":8},"end":{"line":16,"column":9}},{"start":{},"end":{}}],"line":14},"1":{"loc":{"start":{"line":30,"column":8},"end":{"line":32,"column":9}},"type":"if","locations":[{"start":{"line":30,"column":8},"end":{"line":32,"column":9}},{"start":{},"end":{}}],"line":30},"2":{"loc":{"start":{"line":45,"column":8},"end":{"line":47,"column":9}},"type":"if","locations":[{"start":{"line":45,"column":8},"end":{"line":47,"column":9}},{"start":{},"end":{}}],"line":45},"3":{"loc":{"start":{"line":49,"column":8},"end":{"line":51,"column":9}},"type":"if","locations":[{"start":{"line":49,"column":8},"end":{"line":51,"column":9}},{"start":{},"end":{}}],"line":49},"4":{"loc":{"start":{"line":70,"column":8},"end":{"line":72,"column":9}},"type":"if","locations":[{"start":{"line":70,"column":8},"end":{"line":72,"column":9}},{"start":{},"end":{}}],"line":70},"5":{"loc":{"start":{"line":74,"column":8},"end":{"line":76,"column":9}},"type":"if","locations":[{"start":{"line":74,"column":8},"end":{"line":76,"column":9}},{"start":{},"end":{}}],"line":74},"6":{"loc":{"start":{"line":89,"column":8},"end":{"line":91,"column":9}},"type":"if","locations":[{"start":{"line":89,"column":8},"end":{"line":91,"column":9}},{"start":{},"end":{}}],"line":89},"7":{"loc":{"start":{"line":93,"column":8},"end":{"line":95,"column":9}},"type":"if","locations":[{"start":{"line":93,"column":8},"end":{"line":95,"column":9}},{"start":{},"end":{}}],"line":93},"8":{"loc":{"start":{"line":108,"column":8},"end":{"line":110,"column":9}},"type":"if","locations":[{"start":{"line":108,"column":8},"end":{"line":110,"column":9}},{"start":{},"end":{}}],"line":108},"9":{"loc":{"start":{"line":122,"column":4},"end":{"line":124,"column":5}},"type":"if","locations":[{"start":{"line":122,"column":4},"end":{"line":124,"column":5}},{"start":{},"end":{}}],"line":122},"10":{"loc":{"start":{"line":122,"column":8},"end":{"line":122,"column":38}},"type":"binary-expr","locations":[{"start":{"line":122,"column":8},"end":{"line":122,"column":18}},{"start":{"line":122,"column":22},"end":{"line":122,"column":38}}],"line":122},"11":{"loc":{"start":{"line":134,"column":8},"end":{"line":137,"column":9}},"type":"if","locations":[{"start":{"line":134,"column":8},"end":{"line":137,"column":9}},{"start":{},"end":{}}],"line":134}},"s":{"0":1,"1":1,"2":1,"3":1,"4":1,"5":0,"6":1,"7":1,"8":1,"9":1,"10":1,"11":0,"12":1,"13":1,"14":2,"15":2,"16":2,"17":2,"18":0,"19":2,"20":1,"21":1,"22":1,"23":2,"24":2,"25":2,"26":2,"27":2,"28":0,"29":2,"30":1,"31":1,"32":1,"33":2,"34":2,"35":2,"36":2,"37":0,"38":2,"39":1,"40":1,"41":1,"42":1,"43":1,"44":1,"45":1,"46":0,"47":1,"48":1,"49":0,"50":0,"51":0,"52":0,"53":0,"54":0,"55":0,"56":0,"57":0,"58":0,"59":0,"60":0,"61":0},"f":{"0":1,"1":1,"2":1,"3":1,"4":2,"5":2,"6":2,"7":2,"8":2,"9":2,"10":1,"11":1,"12":0,"13":0,"14":0},"b":{"0":[0,1],"1":[0,1],"2":[0,2],"3":[1,1],"4":[0,2],"5":[1,1],"6":[0,2],"7":[1,1],"8":[0,1],"9":[0,0],"10":[0,0],"11":[0,0]},"_coverageSchema":"1a1c01bbd47fc00a2c39e90264f33305004495a9","hash":"3df79a6eba18ce762686f65b389bd49e983b42b7"}
,"/home/buni/Projects/Internetprogrammierung/api/src/controllers/user.controller.js": {"path":"/home/buni/Projects/Internetprogrammierung/api/src/controllers/user.controller.js","statementMap":{"0":{"start":{"line":6,"column":15},"end":{"line":6,"column":72}},"1":{"start":{"line":9,"column":23},"end":{"line":36,"column":1}},"2":{"start":{"line":10,"column":14},"end":{"line":10,"column":52}},"3":{"start":{"line":12,"column":4},"end":{"line":35,"column":6}},"4":{"start":{"line":13,"column":8},"end":{"line":15,"column":9}},"5":{"start":{"line":14,"column":12},"end":{"line":14,"column":44}},"6":{"start":{"line":17,"column":8},"end":{"line":19,"column":9}},"7":{"start":{"line":18,"column":12},"end":{"line":18,"column":70}},"8":{"start":{"line":21,"column":21},"end":{"line":21,"column":28}},"9":{"start":{"line":23,"column":25},"end":{"line":23,"column":45}},"10":{"start":{"line":25,"column":8},"end":{"line":34,"column":10}},"11":{"start":{"line":39,"column":26},"end":{"line":112,"column":1}},"12":{"start":{"line":40,"column":4},"end":{"line":111,"column":6}},"13":{"start":{"line":41,"column":27},"end":{"line":41,"column":37}},"14":{"start":{"line":42,"column":55},"end":{"line":42,"column":63}},"15":{"start":{"line":44,"column":8},"end":{"line":46,"column":9}},"16":{"start":{"line":45,"column":12},"end":{"line":45,"column":75}},"17":{"start":{"line":48,"column":8},"end":{"line":52,"column":9}},"18":{"start":{"line":49,"column":12},"end":{"line":49,"column":94}},"19":{"start":{"line":50,"column":15},"end":{"line":52,"column":9}},"20":{"start":{"line":51,"column":12},"end":{"line":51,"column":86}},"21":{"start":{"line":54,"column":20},"end":{"line":54,"column":28}},"22":{"start":{"line":56,"column":23},"end":{"line":56,"column":25}},"23":{"start":{"line":57,"column":23},"end":{"line":57,"column":25}},"24":{"start":{"line":59,"column":8},"end":{"line":62,"column":9}},"25":{"start":{"line":60,"column":12},"end":{"line":60,"column":39}},"26":{"start":{"line":61,"column":12},"end":{"line":61,"column":33}},"27":{"start":{"line":63,"column":8},"end":{"line":66,"column":9}},"28":{"start":{"line":64,"column":12},"end":{"line":64,"column":37}},"29":{"start":{"line":65,"column":12},"end":{"line":65,"column":31}},"30":{"start":{"line":67,"column":8},"end":{"line":70,"column":9}},"31":{"start":{"line":68,"column":12},"end":{"line":68,"column":35}},"32":{"start":{"line":69,"column":12},"end":{"line":69,"column":29}},"33":{"start":{"line":71,"column":8},"end":{"line":74,"column":9}},"34":{"start":{"line":72,"column":12},"end":{"line":72,"column":41}},"35":{"start":{"line":73,"column":12},"end":{"line":73,"column":35}},"36":{"start":{"line":75,"column":8},"end":{"line":86,"column":9}},"37":{"start":{"line":76,"column":12},"end":{"line":85,"column":13}},"38":{"start":{"line":77,"column":32},"end":{"line":77,"column":53}},"39":{"start":{"line":79,"column":16},"end":{"line":79,"column":47}},"40":{"start":{"line":80,"column":16},"end":{"line":80,"column":38}},"41":{"start":{"line":81,"column":16},"end":{"line":81,"column":36}},"42":{"start":{"line":83,"column":16},"end":{"line":83,"column":66}},"43":{"start":{"line":84,"column":16},"end":{"line":84,"column":107}},"44":{"start":{"line":88,"column":8},"end":{"line":91,"column":9}},"45":{"start":{"line":89,"column":12},"end":{"line":89,"column":46}},"46":{"start":{"line":90,"column":12},"end":{"line":90,"column":75}},"47":{"start":{"line":93,"column":8},"end":{"line":93,"column":27}},"48":{"start":{"line":95,"column":18},"end":{"line":97,"column":36}},"49":{"start":{"line":99,"column":8},"end":{"line":110,"column":10}},"50":{"start":{"line":100,"column":12},"end":{"line":103,"column":13}},"51":{"start":{"line":101,"column":16},"end":{"line":101,"column":55}},"52":{"start":{"line":102,"column":16},"end":{"line":102,"column":88}},"53":{"start":{"line":105,"column":12},"end":{"line":107,"column":13}},"54":{"start":{"line":106,"column":16},"end":{"line":106,"column":93}},"55":{"start":{"line":109,"column":12},"end":{"line":109,"column":81}},"56":{"start":{"line":114,"column":26},"end":{"line":135,"column":1}},"57":{"start":{"line":115,"column":23},"end":{"line":115,"column":33}},"58":{"start":{"line":117,"column":4},"end":{"line":119,"column":5}},"59":{"start":{"line":118,"column":8},"end":{"line":118,"column":71}},"60":{"start":{"line":121,"column":14},"end":{"line":121,"column":50}},"61":{"start":{"line":123,"column":4},"end":{"line":134,"column":6}},"62":{"start":{"line":124,"column":8},"end":{"line":127,"column":9}},"63":{"start":{"line":125,"column":12},"end":{"line":125,"column":49}},"64":{"start":{"line":126,"column":12},"end":{"line":126,"column":82}},"65":{"start":{"line":129,"column":8},"end":{"line":131,"column":9}},"66":{"start":{"line":130,"column":12},"end":{"line":130,"column":70}},"67":{"start":{"line":133,"column":8},"end":{"line":133,"column":77}},"68":{"start":{"line":138,"column":31},"end":{"line":165,"column":1}},"69":{"start":{"line":139,"column":19},"end":{"line":139,"column":36}},"70":{"start":{"line":141,"column":14},"end":{"line":141,"column":55}},"71":{"start":{"line":143,"column":4},"end":{"line":164,"column":6}},"72":{"start":{"line":144,"column":8},"end":{"line":146,"column":9}},"73":{"start":{"line":145,"column":12},"end":{"line":145,"column":75}},"74":{"start":{"line":148,"column":8},"end":{"line":163,"column":9}},"75":{"start":{"line":149,"column":37},"end":{"line":157,"column":15}},"76":{"start":{"line":150,"column":16},"end":{"line":156,"column":17}},"77":{"start":{"line":151,"column":36},"end":{"line":151,"column":73}},"78":{"start":{"line":152,"column":20},"end":{"line":152,"column":50}},"79":{"start":{"line":154,"column":20},"end":{"line":154,"column":70}},"80":{"start":{"line":155,"column":20},"end":{"line":155,"column":54}},"81":{"start":{"line":159,"column":12},"end":{"line":159,"column":57}},"82":{"start":{"line":161,"column":12},"end":{"line":161,"column":62}},"83":{"start":{"line":162,"column":12},"end":{"line":162,"column":79}}},"fnMap":{"0":{"name":"(anonymous_0)","decl":{"start":{"line":9,"column":23},"end":{"line":9,"column":24}},"loc":{"start":{"line":9,"column":37},"end":{"line":36,"column":1}},"line":9},"1":{"name":"(anonymous_1)","decl":{"start":{"line":12,"column":37},"end":{"line":12,"column":38}},"loc":{"start":{"line":12,"column":52},"end":{"line":35,"column":5}},"line":12},"2":{"name":"(anonymous_2)","decl":{"start":{"line":39,"column":26},"end":{"line":39,"column":27}},"loc":{"start":{"line":39,"column":40},"end":{"line":112,"column":1}},"line":39},"3":{"name":"(anonymous_3)","decl":{"start":{"line":40,"column":21},"end":{"line":40,"column":22}},"loc":{"start":{"line":40,"column":36},"end":{"line":111,"column":5}},"line":40},"4":{"name":"(anonymous_4)","decl":{"start":{"line":99,"column":28},"end":{"line":99,"column":29}},"loc":{"start":{"line":99,"column":47},"end":{"line":110,"column":9}},"line":99},"5":{"name":"(anonymous_5)","decl":{"start":{"line":114,"column":26},"end":{"line":114,"column":27}},"loc":{"start":{"line":114,"column":40},"end":{"line":135,"column":1}},"line":114},"6":{"name":"(anonymous_6)","decl":{"start":{"line":123,"column":26},"end":{"line":123,"column":27}},"loc":{"start":{"line":123,"column":43},"end":{"line":134,"column":5}},"line":123},"7":{"name":"(anonymous_7)","decl":{"start":{"line":138,"column":31},"end":{"line":138,"column":32}},"loc":{"start":{"line":138,"column":45},"end":{"line":165,"column":1}},"line":138},"8":{"name":"(anonymous_8)","decl":{"start":{"line":143,"column":26},"end":{"line":143,"column":27}},"loc":{"start":{"line":143,"column":51},"end":{"line":164,"column":5}},"line":143},"9":{"name":"(anonymous_9)","decl":{"start":{"line":149,"column":68},"end":{"line":149,"column":69}},"loc":{"start":{"line":149,"column":87},"end":{"line":157,"column":13}},"line":149}},"branchMap":{"0":{"loc":{"start":{"line":13,"column":8},"end":{"line":15,"column":9}},"type":"if","locations":[{"start":{"line":13,"column":8},"end":{"line":15,"column":9}},{"start":{},"end":{}}],"line":13},"1":{"loc":{"start":{"line":17,"column":8},"end":{"line":19,"column":9}},"type":"if","locations":[{"start":{"line":17,"column":8},"end":{"line":19,"column":9}},{"start":{},"end":{}}],"line":17},"2":{"loc":{"start":{"line":44,"column":8},"end":{"line":46,"column":9}},"type":"if","locations":[{"start":{"line":44,"column":8},"end":{"line":46,"column":9}},{"start":{},"end":{}}],"line":44},"3":{"loc":{"start":{"line":48,"column":8},"end":{"line":52,"column":9}},"type":"if","locations":[{"start":{"line":48,"column":8},"end":{"line":52,"column":9}},{"start":{"line":50,"column":15},"end":{"line":52,"column":9}}],"line":48},"4":{"loc":{"start":{"line":50,"column":15},"end":{"line":52,"column":9}},"type":"if","locations":[{"start":{"line":50,"column":15},"end":{"line":52,"column":9}},{"start":{},"end":{}}],"line":50},"5":{"loc":{"start":{"line":59,"column":8},"end":{"line":62,"column":9}},"type":"if","locations":[{"start":{"line":59,"column":8},"end":{"line":62,"column":9}},{"start":{},"end":{}}],"line":59},"6":{"loc":{"start":{"line":63,"column":8},"end":{"line":66,"column":9}},"type":"if","locations":[{"start":{"line":63,"column":8},"end":{"line":66,"column":9}},{"start":{},"end":{}}],"line":63},"7":{"loc":{"start":{"line":67,"column":8},"end":{"line":70,"column":9}},"type":"if","locations":[{"start":{"line":67,"column":8},"end":{"line":70,"column":9}},{"start":{},"end":{}}],"line":67},"8":{"loc":{"start":{"line":71,"column":8},"end":{"line":74,"column":9}},"type":"if","locations":[{"start":{"line":71,"column":8},"end":{"line":74,"column":9}},{"start":{},"end":{}}],"line":71},"9":{"loc":{"start":{"line":75,"column":8},"end":{"line":86,"column":9}},"type":"if","locations":[{"start":{"line":75,"column":8},"end":{"line":86,"column":9}},{"start":{},"end":{}}],"line":75},"10":{"loc":{"start":{"line":88,"column":8},"end":{"line":91,"column":9}},"type":"if","locations":[{"start":{"line":88,"column":8},"end":{"line":91,"column":9}},{"start":{},"end":{}}],"line":88},"11":{"loc":{"start":{"line":100,"column":12},"end":{"line":103,"column":13}},"type":"if","locations":[{"start":{"line":100,"column":12},"end":{"line":103,"column":13}},{"start":{},"end":{}}],"line":100},"12":{"loc":{"start":{"line":105,"column":12},"end":{"line":107,"column":13}},"type":"if","locations":[{"start":{"line":105,"column":12},"end":{"line":107,"column":13}},{"start":{},"end":{}}],"line":105},"13":{"loc":{"start":{"line":117,"column":4},"end":{"line":119,"column":5}},"type":"if","locations":[{"start":{"line":117,"column":4},"end":{"line":119,"column":5}},{"start":{},"end":{}}],"line":117},"14":{"loc":{"start":{"line":124,"column":8},"end":{"line":127,"column":9}},"type":"if","locations":[{"start":{"line":124,"column":8},"end":{"line":127,"column":9}},{"start":{},"end":{}}],"line":124},"15":{"loc":{"start":{"line":129,"column":8},"end":{"line":131,"column":9}},"type":"if","locations":[{"start":{"line":129,"column":8},"end":{"line":131,"column":9}},{"start":{},"end":{}}],"line":129},"16":{"loc":{"start":{"line":144,"column":8},"end":{"line":146,"column":9}},"type":"if","locations":[{"start":{"line":144,"column":8},"end":{"line":146,"column":9}},{"start":{},"end":{}}],"line":144}},"s":{"0":1,"1":1,"2":2,"3":2,"4":2,"5":0,"6":2,"7":1,"8":1,"9":1,"10":1,"11":1,"12":1,"13":1,"14":1,"15":1,"16":0,"17":1,"18":0,"19":1,"20":0,"21":1,"22":1,"23":1,"24":1,"25":0,"26":0,"27":1,"28":0,"29":0,"30":1,"31":0,"32":0,"33":1,"34":0,"35":0,"36":1,"37":0,"38":0,"39":0,"40":0,"41":0,"42":0,"43":0,"44":1,"45":1,"46":1,"47":0,"48":0,"49":0,"50":0,"51":0,"52":0,"53":0,"54":0,"55":0,"56":1,"57":0,"58":0,"59":0,"60":0,"61":0,"62":0,"63":0,"64":0,"65":0,"66":0,"67":0,"68":1,"69":1,"70":1,"71":1,"72":1,"73":0,"74":1,"75":1,"76":2,"77":2,"78":2,"79":0,"80":0,"81":1,"82":0,"83":0},"f":{"0":2,"1":2,"2":1,"3":1,"4":0,"5":0,"6":0,"7":1,"8":1,"9":2},"b":{"0":[0,2],"1":[1,1],"2":[0,1],"3":[0,1],"4":[0,1],"5":[0,1],"6":[0,1],"7":[0,1],"8":[0,1],"9":[0,1],"10":[1,0],"11":[0,0],"12":[0,0],"13":[0,0],"14":[0,0],"15":[0,0],"16":[0,1]},"_coverageSchema":"1a1c01bbd47fc00a2c39e90264f33305004495a9","hash":"f5a88ae275ca68ed1e6cd6592be14321fc599343"}
,"/home/buni/Projects/Internetprogrammierung/api/src/controllers/watchlist.controller.js": {"path":"/home/buni/Projects/Internetprogrammierung/api/src/controllers/watchlist.controller.js","statementMap":{"0":{"start":{"line":4,"column":30},"end":{"line":17,"column":1}},"1":{"start":{"line":5,"column":32},"end":{"line":5,"column":40}},"2":{"start":{"line":7,"column":14},"end":{"line":9,"column":25}},"3":{"start":{"line":11,"column":4},"end":{"line":16,"column":6}},"4":{"start":{"line":12,"column":8},"end":{"line":14,"column":9}},"5":{"start":{"line":13,"column":12},"end":{"line":13,"column":44}},"6":{"start":{"line":15,"column":8},"end":{"line":15,"column":69}},"7":{"start":{"line":19,"column":35},"end":{"line":33,"column":1}},"8":{"start":{"line":20,"column":32},"end":{"line":20,"column":40}},"9":{"start":{"line":22,"column":14},"end":{"line":25,"column":35}},"10":{"start":{"line":27,"column":4},"end":{"line":32,"column":6}},"11":{"start":{"line":28,"column":8},"end":{"line":30,"column":9}},"12":{"start":{"line":29,"column":12},"end":{"line":29,"column":44}},"13":{"start":{"line":31,"column":8},"end":{"line":31,"column":73}},"14":{"start":{"line":35,"column":32},"end":{"line":63,"column":1}},"15":{"start":{"line":36,"column":19},"end":{"line":36,"column":36}},"16":{"start":{"line":38,"column":18},"end":{"line":41,"column":38}},"17":{"start":{"line":43,"column":4},"end":{"line":62,"column":6}},"18":{"start":{"line":44,"column":8},"end":{"line":46,"column":9}},"19":{"start":{"line":45,"column":12},"end":{"line":45,"column":73}},"20":{"start":{"line":48,"column":8},"end":{"line":61,"column":9}},"21":{"start":{"line":49,"column":37},"end":{"line":56,"column":15}},"22":{"start":{"line":50,"column":16},"end":{"line":55,"column":17}},"23":{"start":{"line":51,"column":36},"end":{"line":51,"column":73}},"24":{"start":{"line":52,"column":20},"end":{"line":52,"column":48}},"25":{"start":{"line":54,"column":20},"end":{"line":54,"column":52}},"26":{"start":{"line":58,"column":12},"end":{"line":58,"column":57}},"27":{"start":{"line":60,"column":12},"end":{"line":60,"column":77}}},"fnMap":{"0":{"name":"(anonymous_0)","decl":{"start":{"line":4,"column":30},"end":{"line":4,"column":31}},"loc":{"start":{"line":4,"column":44},"end":{"line":17,"column":1}},"line":4},"1":{"name":"(anonymous_1)","decl":{"start":{"line":11,"column":37},"end":{"line":11,"column":38}},"loc":{"start":{"line":11,"column":54},"end":{"line":16,"column":5}},"line":11},"2":{"name":"(anonymous_2)","decl":{"start":{"line":19,"column":35},"end":{"line":19,"column":36}},"loc":{"start":{"line":19,"column":49},"end":{"line":33,"column":1}},"line":19},"3":{"name":"(anonymous_3)","decl":{"start":{"line":27,"column":37},"end":{"line":27,"column":38}},"loc":{"start":{"line":27,"column":54},"end":{"line":32,"column":5}},"line":27},"4":{"name":"(anonymous_4)","decl":{"start":{"line":35,"column":32},"end":{"line":35,"column":33}},"loc":{"start":{"line":35,"column":52},"end":{"line":63,"column":1}},"line":35},"5":{"name":"(anonymous_5)","decl":{"start":{"line":43,"column":30},"end":{"line":43,"column":31}},"loc":{"start":{"line":43,"column":54},"end":{"line":62,"column":5}},"line":43},"6":{"name":"(anonymous_6)","decl":{"start":{"line":49,"column":67},"end":{"line":49,"column":68}},"loc":{"start":{"line":49,"column":86},"end":{"line":56,"column":13}},"line":49}},"branchMap":{"0":{"loc":{"start":{"line":12,"column":8},"end":{"line":14,"column":9}},"type":"if","locations":[{"start":{"line":12,"column":8},"end":{"line":14,"column":9}},{"start":{},"end":{}}],"line":12},"1":{"loc":{"start":{"line":28,"column":8},"end":{"line":30,"column":9}},"type":"if","locations":[{"start":{"line":28,"column":8},"end":{"line":30,"column":9}},{"start":{},"end":{}}],"line":28},"2":{"loc":{"start":{"line":44,"column":8},"end":{"line":46,"column":9}},"type":"if","locations":[{"start":{"line":44,"column":8},"end":{"line":46,"column":9}},{"start":{},"end":{}}],"line":44}},"s":{"0":1,"1":1,"2":1,"3":1,"4":1,"5":0,"6":1,"7":1,"8":1,"9":1,"10":1,"11":1,"12":0,"13":1,"14":1,"15":0,"16":0,"17":0,"18":0,"19":0,"20":0,"21":0,"22":0,"23":0,"24":0,"25":0,"26":0,"27":0},"f":{"0":1,"1":1,"2":1,"3":1,"4":0,"5":0,"6":0},"b":{"0":[0,1],"1":[0,1],"2":[0,0]},"_coverageSchema":"1a1c01bbd47fc00a2c39e90264f33305004495a9","hash":"f5fcfa8c735871cd82be7d7e25db4af90a72daf1"}
,"/home/buni/Projects/Internetprogrammierung/api/src/dbs/init.mysql.js": {"path":"/home/buni/Projects/Internetprogrammierung/api/src/dbs/init.mysql.js","statementMap":{"0":{"start":{"line":4,"column":0},"end":{"line":4,"column":16}},"1":{"start":{"line":6,"column":20},"end":{"line":6,"column":43}},"2":{"start":{"line":7,"column":20},"end":{"line":7,"column":43}},"3":{"start":{"line":8,"column":20},"end":{"line":8,"column":43}},"4":{"start":{"line":10,"column":18},"end":{"line":15,"column":2}},"5":{"start":{"line":17,"column":0},"end":{"line":23,"column":3}},"6":{"start":{"line":18,"column":4},"end":{"line":21,"column":5}},"7":{"start":{"line":19,"column":8},"end":{"line":19,"column":60}},"8":{"start":{"line":20,"column":8},"end":{"line":20,"column":15}},"9":{"start":{"line":22,"column":4},"end":{"line":22,"column":47}},"10":{"start":{"line":25,"column":39},"end":{"line":34,"column":1}},"11":{"start":{"line":26,"column":4},"end":{"line":33,"column":7}},"12":{"start":{"line":27,"column":8},"end":{"line":32,"column":11}},"13":{"start":{"line":28,"column":12},"end":{"line":30,"column":13}},"14":{"start":{"line":29,"column":16},"end":{"line":29,"column":35}},"15":{"start":{"line":31,"column":12},"end":{"line":31,"column":22}}},"fnMap":{"0":{"name":"(anonymous_0)","decl":{"start":{"line":17,"column":11},"end":{"line":17,"column":12}},"loc":{"start":{"line":17,"column":20},"end":{"line":23,"column":1}},"line":17},"1":{"name":"(anonymous_1)","decl":{"start":{"line":25,"column":39},"end":{"line":25,"column":40}},"loc":{"start":{"line":25,"column":45},"end":{"line":34,"column":1}},"line":25},"2":{"name":"(anonymous_2)","decl":{"start":{"line":26,"column":23},"end":{"line":26,"column":24}},"loc":{"start":{"line":26,"column":44},"end":{"line":33,"column":5}},"line":26},"3":{"name":"(anonymous_3)","decl":{"start":{"line":27,"column":15},"end":{"line":27,"column":16}},"loc":{"start":{"line":27,"column":24},"end":{"line":32,"column":9}},"line":27}},"branchMap":{"0":{"loc":{"start":{"line":18,"column":4},"end":{"line":21,"column":5}},"type":"if","locations":[{"start":{"line":18,"column":4},"end":{"line":21,"column":5}},{"start":{},"end":{}}],"line":18},"1":{"loc":{"start":{"line":28,"column":12},"end":{"line":30,"column":13}},"type":"if","locations":[{"start":{"line":28,"column":12},"end":{"line":30,"column":13}},{"start":{},"end":{}}],"line":28}},"s":{"0":8,"1":8,"2":8,"3":8,"4":8,"5":8,"6":0,"7":0,"8":0,"9":0,"10":8,"11":0,"12":0,"13":0,"14":0,"15":0},"f":{"0":0,"1":0,"2":0,"3":0},"b":{"0":[0,0],"1":[0,0]},"_coverageSchema":"1a1c01bbd47fc00a2c39e90264f33305004495a9","hash":"ab81b366b9b154e30cfa7b3b32d3346b95d4a239"}
,"/home/buni/Projects/Internetprogrammierung/api/src/middleware/authMiddleware.js": {"path":"/home/buni/Projects/Internetprogrammierung/api/src/middleware/authMiddleware.js","statementMap":{"0":{"start":{"line":3,"column":21},"end":{"line":17,"column":1}},"1":{"start":{"line":4,"column":18},"end":{"line":4,"column":60}},"2":{"start":{"line":6,"column":4},"end":{"line":8,"column":5}},"3":{"start":{"line":7,"column":8},"end":{"line":7,"column":82}},"4":{"start":{"line":10,"column":4},"end":{"line":16,"column":5}},"5":{"start":{"line":11,"column":24},"end":{"line":11,"column":65}},"6":{"start":{"line":12,"column":8},"end":{"line":12,"column":31}},"7":{"start":{"line":13,"column":8},"end":{"line":13,"column":14}},"8":{"start":{"line":15,"column":8},"end":{"line":15,"column":63}}},"fnMap":{"0":{"name":"(anonymous_0)","decl":{"start":{"line":3,"column":21},"end":{"line":3,"column":22}},"loc":{"start":{"line":3,"column":41},"end":{"line":17,"column":1}},"line":3}},"branchMap":{"0":{"loc":{"start":{"line":6,"column":4},"end":{"line":8,"column":5}},"type":"if","locations":[{"start":{"line":6,"column":4},"end":{"line":8,"column":5}},{"start":{},"end":{}}],"line":6}},"s":{"0":1,"1":3,"2":3,"3":1,"4":2,"5":2,"6":1,"7":1,"8":1},"f":{"0":3},"b":{"0":[1,2]},"_coverageSchema":"1a1c01bbd47fc00a2c39e90264f33305004495a9","hash":"babfcb230adb36d6764db97d84110cac2a56613d"}
,"/home/buni/Projects/Internetprogrammierung/api/src/routes/article.route.js": {"path":"/home/buni/Projects/Internetprogrammierung/api/src/routes/article.route.js","statementMap":{"0":{"start":{"line":11,"column":15},"end":{"line":11,"column":31}},"1":{"start":{"line":13,"column":0},"end":{"line":13,"column":38}},"2":{"start":{"line":15,"column":0},"end":{"line":15,"column":31}},"3":{"start":{"line":16,"column":0},"end":{"line":16,"column":31}},"4":{"start":{"line":17,"column":0},"end":{"line":17,"column":41}},"5":{"start":{"line":18,"column":0},"end":{"line":18,"column":40}},"6":{"start":{"line":19,"column":0},"end":{"line":19,"column":43}}},"fnMap":{},"branchMap":{},"s":{"0":0,"1":0,"2":0,"3":0,"4":0,"5":0,"6":0},"f":{},"b":{}}
,"/home/buni/Projects/Internetprogrammierung/api/src/routes/auth.js": {"path":"/home/buni/Projects/Internetprogrammierung/api/src/routes/auth.js","statementMap":{},"fnMap":{},"branchMap":{},"s":{},"f":{},"b":{}}
,"/home/buni/Projects/Internetprogrammierung/api/src/routes/auth.route.js": {"path":"/home/buni/Projects/Internetprogrammierung/api/src/routes/auth.route.js","statementMap":{"0":{"start":{"line":4,"column":15},"end":{"line":4,"column":31}},"1":{"start":{"line":6,"column":0},"end":{"line":6,"column":34}},"2":{"start":{"line":7,"column":0},"end":{"line":7,"column":28}},"3":{"start":{"line":8,"column":0},"end":{"line":8,"column":60}},"4":{"start":{"line":9,"column":0},"end":{"line":9,"column":45}},"5":{"start":{"line":10,"column":0},"end":{"line":10,"column":46}}},"fnMap":{},"branchMap":{},"s":{"0":0,"1":0,"2":0,"3":0,"4":0,"5":0},"f":{},"b":{}}
,"/home/buni/Projects/Internetprogrammierung/api/src/routes/conversation.route.js": {"path":"/home/buni/Projects/Internetprogrammierung/api/src/routes/conversation.route.js","statementMap":{"0":{"start":{"line":8,"column":15},"end":{"line":8,"column":31}},"1":{"start":{"line":10,"column":0},"end":{"line":10,"column":36}},"2":{"start":{"line":11,"column":0},"end":{"line":11,"column":48}},"3":{"start":{"line":12,"column":0},"end":{"line":12,"column":75}}},"fnMap":{},"branchMap":{},"s":{"0":0,"1":0,"2":0,"3":0},"f":{},"b":{}}
,"/home/buni/Projects/Internetprogrammierung/api/src/routes/file.route.js": {"path":"/home/buni/Projects/Internetprogrammierung/api/src/routes/file.route.js","statementMap":{"0":{"start":{"line":4,"column":19},"end":{"line":4,"column":35}},"1":{"start":{"line":7,"column":15},"end":{"line":7,"column":51}},"2":{"start":{"line":9,"column":0},"end":{"line":31,"column":3}},"3":{"start":{"line":10,"column":4},"end":{"line":30,"column":5}},"4":{"start":{"line":11,"column":8},"end":{"line":13,"column":9}},"5":{"start":{"line":12,"column":12},"end":{"line":12,"column":73}},"6":{"start":{"line":15,"column":8},"end":{"line":15,"column":63}},"7":{"start":{"line":17,"column":25},"end":{"line":17,"column":51}},"8":{"start":{"line":19,"column":8},"end":{"line":19,"column":70}},"9":{"start":{"line":21,"column":8},"end":{"line":24,"column":11}},"10":{"start":{"line":26,"column":8},"end":{"line":26,"column":54}},"11":{"start":{"line":27,"column":8},"end":{"line":29,"column":11}},"12":{"start":{"line":33,"column":0},"end":{"line":51,"column":3}},"13":{"start":{"line":34,"column":25},"end":{"line":34,"column":35}},"14":{"start":{"line":36,"column":4},"end":{"line":50,"column":5}},"15":{"start":{"line":37,"column":23},"end":{"line":37,"column":51}},"16":{"start":{"line":44,"column":8},"end":{"line":44,"column":25}},"17":{"start":{"line":46,"column":8},"end":{"line":46,"column":56}},"18":{"start":{"line":47,"column":8},"end":{"line":49,"column":11}},"19":{"start":{"line":54,"column":0},"end":{"line":68,"column":3}},"20":{"start":{"line":55,"column":25},"end":{"line":55,"column":35}},"21":{"start":{"line":57,"column":4},"end":{"line":67,"column":5}},"22":{"start":{"line":58,"column":8},"end":{"line":58,"column":35}},"23":{"start":{"line":59,"column":8},"end":{"line":61,"column":11}},"24":{"start":{"line":63,"column":8},"end":{"line":63,"column":53}},"25":{"start":{"line":64,"column":8},"end":{"line":66,"column":11}}},"fnMap":{"0":{"name":"(anonymous_0)","decl":{"start":{"line":9,"column":50},"end":{"line":9,"column":51}},"loc":{"start":{"line":9,"column":70},"end":{"line":31,"column":1}},"line":9},"1":{"name":"(anonymous_1)","decl":{"start":{"line":33,"column":38},"end":{"line":33,"column":39}},"loc":{"start":{"line":33,"column":58},"end":{"line":51,"column":1}},"line":33},"2":{"name":"(anonymous_2)","decl":{"start":{"line":54,"column":39},"end":{"line":54,"column":40}},"loc":{"start":{"line":54,"column":59},"end":{"line":68,"column":1}},"line":54}},"branchMap":{"0":{"loc":{"start":{"line":11,"column":8},"end":{"line":13,"column":9}},"type":"if","locations":[{"start":{"line":11,"column":8},"end":{"line":13,"column":9}},{"start":{},"end":{}}],"line":11}},"s":{"0":1,"1":1,"2":1,"3":2,"4":2,"5":1,"6":1,"7":1,"8":1,"9":1,"10":0,"11":0,"12":1,"13":1,"14":1,"15":1,"16":0,"17":1,"18":1,"19":1,"20":1,"21":1,"22":1,"23":0,"24":1,"25":1},"f":{"0":2,"1":1,"2":1},"b":{"0":[1,1]},"_coverageSchema":"1a1c01bbd47fc00a2c39e90264f33305004495a9","hash":"a719c80c30774507449d20eaf49a4a58a8984ff4"}
,"/home/buni/Projects/Internetprogrammierung/api/src/routes/message.route.js": {"path":"/home/buni/Projects/Internetprogrammierung/api/src/routes/message.route.js","statementMap":{"0":{"start":{"line":7,"column":15},"end":{"line":7,"column":31}},"1":{"start":{"line":9,"column":0},"end":{"line":9,"column":31}},"2":{"start":{"line":10,"column":0},"end":{"line":10,"column":59}}},"fnMap":{},"branchMap":{},"s":{"0":0,"1":0,"2":0},"f":{},"b":{}}
,"/home/buni/Projects/Internetprogrammierung/api/src/routes/review.route.js": {"path":"/home/buni/Projects/Internetprogrammierung/api/src/routes/review.route.js","statementMap":{"0":{"start":{"line":12,"column":15},"end":{"line":12,"column":31}},"1":{"start":{"line":14,"column":0},"end":{"line":14,"column":30}},"2":{"start":{"line":15,"column":0},"end":{"line":15,"column":27}},"3":{"start":{"line":16,"column":0},"end":{"line":16,"column":39}},"4":{"start":{"line":17,"column":0},"end":{"line":17,"column":38}},"5":{"start":{"line":18,"column":0},"end":{"line":18,"column":41}},"6":{"start":{"line":19,"column":0},"end":{"line":19,"column":51}},"7":{"start":{"line":20,"column":0},"end":{"line":20,"column":54}}},"fnMap":{},"branchMap":{},"s":{"0":0,"1":0,"2":0,"3":0,"4":0,"5":0,"6":0,"7":0},"f":{},"b":{}}
,"/home/buni/Projects/Internetprogrammierung/api/src/routes/user.route.js": {"path":"/home/buni/Projects/Internetprogrammierung/api/src/routes/user.route.js","statementMap":{"0":{"start":{"line":11,"column":15},"end":{"line":11,"column":31}},"1":{"start":{"line":13,"column":0},"end":{"line":13,"column":31}},"2":{"start":{"line":14,"column":0},"end":{"line":14,"column":37}},"3":{"start":{"line":15,"column":0},"end":{"line":15,"column":34}},"4":{"start":{"line":16,"column":0},"end":{"line":16,"column":48}},"5":{"start":{"line":17,"column":0},"end":{"line":17,"column":50}},"6":{"start":{"line":18,"column":0},"end":{"line":18,"column":50}},"7":{"start":{"line":20,"column":0},"end":{"line":20,"column":53}},"8":{"start":{"line":21,"column":0},"end":{"line":21,"column":58}},"9":{"start":{"line":23,"column":0},"end":{"line":23,"column":52}}},"fnMap":{},"branchMap":{},"s":{"0":0,"1":0,"2":0,"3":0,"4":0,"5":0,"6":0,"7":0,"8":0,"9":0},"f":{},"b":{}}
,"/home/buni/Projects/Internetprogrammierung/api/src/routes/watchlist.route.js": {"path":"/home/buni/Projects/Internetprogrammierung/api/src/routes/watchlist.route.js","statementMap":{"0":{"start":{"line":9,"column":15},"end":{"line":9,"column":31}},"1":{"start":{"line":12,"column":0},"end":{"line":12,"column":35}},"2":{"start":{"line":13,"column":0},"end":{"line":13,"column":43}},"3":{"start":{"line":14,"column":0},"end":{"line":14,"column":40}}},"fnMap":{},"branchMap":{},"s":{"0":0,"1":0,"2":0,"3":0},"f":{},"b":{}}
,"/home/buni/Projects/Internetprogrammierung/api/src/services/azureStorageService.js": {"path":"/home/buni/Projects/Internetprogrammierung/api/src/services/azureStorageService.js","statementMap":{"0":{"start":{"line":4,"column":0},"end":{"line":4,"column":8}},"1":{"start":{"line":6,"column":26},"end":{"line":8,"column":1}},"2":{"start":{"line":10,"column":4},"end":{"line":10,"column":61}},"3":{"start":{"line":12,"column":26},"end":{"line":20,"column":1}},"4":{"start":{"line":13,"column":37},"end":{"line":13,"column":41}},"5":{"start":{"line":14,"column":21},"end":{"line":14,"column":52}},"6":{"start":{"line":15,"column":28},"end":{"line":15,"column":72}},"7":{"start":{"line":17,"column":4},"end":{"line":17,"column":44}},"8":{"start":{"line":19,"column":4},"end":{"line":19,"column":19}},"9":{"start":{"line":22,"column":28},"end":{"line":29,"column":1}},"10":{"start":{"line":23,"column":28},"end":{"line":23,"column":72}},"11":{"start":{"line":25,"column":4},"end":{"line":25,"column":47}},"12":{"start":{"line":26,"column":38},"end":{"line":26,"column":70}},"13":{"start":{"line":28,"column":4},"end":{"line":28,"column":55}},"14":{"start":{"line":31,"column":26},"end":{"line":34,"column":1}},"15":{"start":{"line":32,"column":25},"end":{"line":32,"column":44}},"16":{"start":{"line":33,"column":4},"end":{"line":33,"column":40}}},"fnMap":{"0":{"name":"(anonymous_0)","decl":{"start":{"line":12,"column":26},"end":{"line":12,"column":27}},"loc":{"start":{"line":12,"column":42},"end":{"line":20,"column":1}},"line":12},"1":{"name":"(anonymous_1)","decl":{"start":{"line":22,"column":28},"end":{"line":22,"column":29}},"loc":{"start":{"line":22,"column":48},"end":{"line":29,"column":1}},"line":22},"2":{"name":"(anonymous_2)","decl":{"start":{"line":31,"column":26},"end":{"line":31,"column":27}},"loc":{"start":{"line":31,"column":40},"end":{"line":34,"column":1}},"line":31}},"branchMap":{},"s":{"0":6,"1":6,"2":6,"3":6,"4":0,"5":0,"6":0,"7":0,"8":0,"9":6,"10":0,"11":0,"12":0,"13":0,"14":6,"15":0,"16":0},"f":{"0":0,"1":0,"2":0},"b":{},"_coverageSchema":"1a1c01bbd47fc00a2c39e90264f33305004495a9","hash":"14467da9a0b99858424d4732f6fde1bfe07e1e5d"}
,"/home/buni/Projects/Internetprogrammierung/api/src/utils/helpers.js": {"path":"/home/buni/Projects/Internetprogrammierung/api/src/utils/helpers.js","statementMap":{"0":{"start":{"line":3,"column":30},"end":{"line":10,"column":1}},"1":{"start":{"line":4,"column":4},"end":{"line":4,"column":26}},"2":{"start":{"line":4,"column":17},"end":{"line":4,"column":26}},"3":{"start":{"line":6,"column":22},"end":{"line":6,"column":39}},"4":{"start":{"line":7,"column":22},"end":{"line":7,"column":69}},"5":{"start":{"line":7,"column":48},"end":{"line":7,"column":68}},"6":{"start":{"line":9,"column":4},"end":{"line":9,"column":20}}},"fnMap":{"0":{"name":"(anonymous_0)","decl":{"start":{"line":3,"column":30},"end":{"line":3,"column":31}},"loc":{"start":{"line":3,"column":48},"end":{"line":10,"column":1}},"line":3},"1":{"name":"(anonymous_1)","decl":{"start":{"line":7,"column":36},"end":{"line":7,"column":37}},"loc":{"start":{"line":7,"column":48},"end":{"line":7,"column":68}},"line":7}},"branchMap":{"0":{"loc":{"start":{"line":4,"column":4},"end":{"line":4,"column":26}},"type":"if","locations":[{"start":{"line":4,"column":4},"end":{"line":4,"column":26}},{"start":{},"end":{}}],"line":4}},"s":{"0":4,"1":5,"2":3,"3":2,"4":2,"5":3,"6":2},"f":{"0":5,"1":3},"b":{"0":[3,2]},"_coverageSchema":"1a1c01bbd47fc00a2c39e90264f33305004495a9","hash":"f40580e39e3855288a16d335ddedba8f3632edd6"}
}
