TN:
SF:src\configs\env.js
FNF:0
FNH:0
LF:0
LH:0
BRF:0
BRH:0
end_of_record
TN:
SF:src\controllers\article.controller.js
FN:8,(anonymous_0)
FN:18,(anonymous_1)
FN:25,(anonymous_2)
FN:44,(anonymous_3)
FN:59,(anonymous_4)
FN:63,(anonymous_5)
FN:94,(anonymous_6)
FN:102,(anonymous_7)
FN:124,(anonymous_8)
FN:125,(anonymous_9)
FN:162,(anonymous_10)
FN:179,(anonymous_11)
FN:203,(anonymous_12)
FN:208,(anonymous_13)
FN:242,(anonymous_14)
FN:243,(anonymous_15)
FN:259,(anonymous_16)
FN:282,(anonymous_17)
FN:288,(anonymous_18)
FN:317,(anonymous_19)
FN:347,(anonymous_20)
FN:352,(anonymous_21)
FNF:22
FNH:16
FNDA:1,(anonymous_0)
FNDA:1,(anonymous_1)
FNDA:35,(anonymous_2)
FNDA:1,(anonymous_3)
FNDA:0,(anonymous_4)
FNDA:0,(anonymous_5)
FNDA:1,(anonymous_6)
FNDA:34,(anonymous_7)
FNDA:1,(anonymous_8)
FNDA:1,(anonymous_9)
FNDA:0,(anonymous_10)
FNDA:1,(anonymous_11)
FNDA:2,(anonymous_12)
FNDA:2,(anonymous_13)
FNDA:1,(anonymous_14)
FNDA:1,(anonymous_15)
FNDA:0,(anonymous_16)
FNDA:0,(anonymous_17)
FNDA:0,(anonymous_18)
FNDA:1,(anonymous_19)
FNDA:1,(anonymous_20)
FNDA:1,(anonymous_21)
DA:6,1
DA:8,1
DA:9,1
DA:10,1
DA:12,1
DA:13,0
DA:18,1
DA:19,1
DA:20,0
DA:23,1
DA:24,1
DA:26,35
DA:27,35
DA:28,35
DA:30,0
DA:31,0
DA:36,1
DA:38,0
DA:39,0
DA:44,1
DA:51,1
DA:53,1
DA:54,1
DA:56,1
DA:57,0
DA:58,0
DA:59,0
DA:61,0
DA:62,0
DA:63,0
DA:67,1
DA:68,0
DA:69,0
DA:72,1
DA:73,0
DA:74,0
DA:76,1
DA:77,0
DA:78,0
DA:81,1
DA:82,0
DA:83,0
DA:86,1
DA:89,1
DA:94,1
DA:95,1
DA:96,0
DA:97,0
DA:100,1
DA:101,1
DA:103,34
DA:104,34
DA:105,34
DA:107,0
DA:108,0
DA:113,1
DA:115,0
DA:116,0
DA:124,1
DA:125,1
DA:126,1
DA:127,0
DA:128,0
DA:134,1
DA:135,1
DA:137,1
DA:148,1
DA:157,0
DA:160,1
DA:161,1
DA:162,0
DA:166,1
DA:167,1
DA:180,1
DA:181,0
DA:182,0
DA:188,1
DA:195,0
DA:203,1
DA:204,2
DA:206,2
DA:208,2
DA:209,2
DA:210,0
DA:213,2
DA:214,1
DA:217,1
DA:218,1
DA:222,1
DA:223,1
DA:225,1
DA:227,0
DA:228,0
DA:231,1
DA:233,0
DA:234,0
DA:242,1
DA:243,1
DA:244,1
DA:245,0
DA:246,0
DA:251,1
DA:253,1
DA:254,1
DA:256,1
DA:257,1
DA:258,0
DA:260,0
DA:261,0
DA:266,0
DA:267,0
DA:272,1
DA:274,1
DA:275,0
DA:278,1
DA:279,1
DA:280,1
DA:281,0
DA:282,0
DA:286,1
DA:288,0
DA:293,1
DA:305,1
DA:318,1
DA:319,0
DA:320,0
DA:326,1
DA:327,0
DA:332,1
DA:338,0
DA:339,0
DA:347,1
DA:348,1
DA:350,1
DA:352,1
DA:353,1
DA:354,0
DA:357,1
DA:358,0
DA:361,1
LF:140
LH:84
BRDA:12,0,0,0
BRDA:12,0,1,1
BRDA:19,1,0,0
BRDA:19,1,1,1
BRDA:56,2,0,0
BRDA:56,2,1,1
BRDA:67,3,0,0
BRDA:67,3,1,1
BRDA:72,4,0,0
BRDA:72,4,1,1
BRDA:76,5,0,0
BRDA:76,5,1,1
BRDA:81,6,0,0
BRDA:81,6,1,1
BRDA:86,7,0,0
BRDA:86,7,1,1
BRDA:95,8,0,0
BRDA:95,8,1,1
BRDA:126,9,0,0
BRDA:126,9,1,1
BRDA:135,10,0,1
BRDA:135,10,1,1
BRDA:148,11,0,0
BRDA:148,11,1,1
BRDA:149,12,0,1
BRDA:149,12,1,1
BRDA:149,12,2,1
BRDA:149,12,3,1
BRDA:149,12,4,1
BRDA:149,12,5,1
BRDA:149,12,6,1
BRDA:180,13,0,0
BRDA:180,13,1,1
BRDA:209,14,0,0
BRDA:209,14,1,2
BRDA:213,15,0,1
BRDA:213,15,1,1
BRDA:244,16,0,0
BRDA:244,16,1,1
BRDA:257,17,0,0
BRDA:257,17,1,1
BRDA:274,18,0,0
BRDA:274,18,1,1
BRDA:274,19,0,1
BRDA:274,19,1,1
BRDA:274,19,2,1
BRDA:274,19,3,1
BRDA:274,19,4,1
BRDA:274,19,5,1
BRDA:280,20,0,0
BRDA:280,20,1,1
BRDA:280,21,0,1
BRDA:280,21,1,0
BRDA:318,22,0,0
BRDA:318,22,1,1
BRDA:326,23,0,0
BRDA:326,23,1,1
BRDA:353,24,0,0
BRDA:353,24,1,1
BRDA:357,25,0,0
BRDA:357,25,1,1
BRF:61
BRH:39
end_of_record
TN:
SF:src\controllers\auth.controller.js
FN:6,(anonymous_0)
FN:11,(anonymous_1)
FN:24,(anonymous_2)
FN:33,(anonymous_3)
FN:36,(anonymous_4)
FN:65,(anonymous_5)
FN:90,(anonymous_6)
FN:95,(anonymous_7)
FN:112,(anonymous_8)
FN:131,(anonymous_9)
FN:138,(anonymous_10)
FN:147,(anonymous_11)
FN:160,(anonymous_12)
FN:171,(anonymous_13)
FN:179,(anonymous_14)
FN:191,(anonymous_15)
FN:205,(anonymous_16)
FNF:17
FNH:17
FNDA:2,(anonymous_0)
FNDA:2,(anonymous_1)
FNDA:1,(anonymous_2)
FNDA:3,(anonymous_3)
FNDA:3,(anonymous_4)
FNDA:1,(anonymous_5)
FNDA:2,(anonymous_6)
FNDA:2,(anonymous_7)
FNDA:1,(anonymous_8)
FNDA:2,(anonymous_9)
FNDA:2,(anonymous_10)
FNDA:1,(anonymous_11)
FNDA:1,(anonymous_12)
FNDA:3,(anonymous_13)
FNDA:3,(anonymous_14)
FNDA:2,(anonymous_15)
FNDA:1,(anonymous_16)
DA:6,2
DA:7,2
DA:9,2
DA:11,2
DA:12,2
DA:13,0
DA:15,2
DA:16,1
DA:19,1
DA:20,1
DA:22,1
DA:24,1
DA:25,1
DA:26,0
DA:28,1
DA:33,2
DA:34,3
DA:36,3
DA:37,3
DA:38,0
DA:40,3
DA:41,1
DA:44,2
DA:46,2
DA:51,2
DA:52,1
DA:55,1
DA:57,1
DA:65,2
DA:66,1
DA:67,1
DA:77,1
DA:84,1
DA:86,0
DA:90,2
DA:91,2
DA:93,2
DA:95,2
DA:96,2
DA:97,0
DA:98,0
DA:101,2
DA:102,1
DA:105,1
DA:107,1
DA:109,1
DA:110,1
DA:112,1
DA:113,1
DA:114,0
DA:117,1
DA:118,1
DA:119,1
DA:121,1
DA:122,1
DA:123,1
DA:125,0
DA:131,2
DA:132,2
DA:134,2
DA:135,0
DA:138,2
DA:139,2
DA:140,1
DA:141,1
DA:144,1
DA:146,1
DA:147,1
DA:148,1
DA:149,0
DA:152,1
DA:153,0
DA:156,1
DA:157,1
DA:159,1
DA:160,1
DA:161,1
DA:162,0
DA:165,1
DA:171,2
DA:172,3
DA:174,3
DA:175,0
DA:178,3
DA:179,3
DA:180,3
DA:181,0
DA:182,0
DA:185,3
DA:186,1
DA:189,2
DA:191,2
DA:192,2
DA:193,0
DA:194,0
DA:197,2
DA:198,1
DA:201,1
DA:202,1
DA:204,1
DA:205,1
DA:206,1
DA:207,0
DA:208,0
DA:211,1
LF:105
LH:86
BRDA:12,0,0,0
BRDA:12,0,1,2
BRDA:15,1,0,1
BRDA:15,1,1,1
BRDA:25,2,0,0
BRDA:25,2,1,1
BRDA:37,3,0,0
BRDA:37,3,1,3
BRDA:40,4,0,1
BRDA:40,4,1,2
BRDA:51,5,0,1
BRDA:51,5,1,1
BRDA:96,6,0,0
BRDA:96,6,1,2
BRDA:101,7,0,1
BRDA:101,7,1,1
BRDA:113,8,0,0
BRDA:113,8,1,1
BRDA:134,9,0,0
BRDA:134,9,1,2
BRDA:134,10,0,2
BRDA:134,10,1,2
BRDA:139,11,0,1
BRDA:139,11,1,1
BRDA:148,12,0,0
BRDA:148,12,1,1
BRDA:152,13,0,0
BRDA:152,13,1,1
BRDA:161,14,0,0
BRDA:161,14,1,1
BRDA:174,15,0,0
BRDA:174,15,1,3
BRDA:174,16,0,3
BRDA:174,16,1,3
BRDA:180,17,0,0
BRDA:180,17,1,3
BRDA:185,18,0,1
BRDA:185,18,1,2
BRDA:192,19,0,0
BRDA:192,19,1,2
BRDA:197,20,0,1
BRDA:197,20,1,1
BRDA:206,21,0,0
BRDA:206,21,1,1
BRF:44
BRH:31
end_of_record
TN:
SF:src\controllers\conversation.controller.js
FN:4,(anonymous_0)
FN:10,(anonymous_1)
FN:25,(anonymous_2)
FN:31,(anonymous_3)
FN:42,(anonymous_4)
FN:53,(anonymous_5)
FNF:6
FNH:6
FNDA:2,(anonymous_0)
FNDA:2,(anonymous_1)
FNDA:2,(anonymous_2)
FNDA:2,(anonymous_3)
FNDA:3,(anonymous_4)
FNDA:3,(anonymous_5)
DA:4,2
DA:5,2
DA:7,2
DA:8,2
DA:10,2
DA:11,2
DA:12,1
DA:13,1
DA:16,1
DA:25,2
DA:26,2
DA:28,2
DA:29,2
DA:31,2
DA:32,2
DA:33,1
DA:34,1
DA:37,1
DA:42,2
DA:43,3
DA:45,3
DA:51,3
DA:53,3
DA:54,3
DA:55,1
DA:56,1
DA:59,2
DA:60,1
DA:62,1
LF:29
LH:29
BRDA:11,0,0,1
BRDA:11,0,1,1
BRDA:32,1,0,1
BRDA:32,1,1,1
BRDA:54,2,0,1
BRDA:54,2,1,2
BRDA:59,3,0,1
BRDA:59,3,1,1
BRF:8
BRH:8
end_of_record
TN:
SF:src\controllers\follower.controller.js
FN:4,(anonymous_0)
FN:13,(anonymous_1)
FN:22,(anonymous_2)
FN:36,(anonymous_3)
FN:42,(anonymous_4)
FN:55,(anonymous_5)
FN:69,(anonymous_6)
FN:75,(anonymous_7)
FN:89,(anonymous_8)
FN:99,(anonymous_9)
FN:109,(anonymous_10)
FN:119,(anonymous_11)
FNF:12
FNH:10
FNDA:0,(anonymous_0)
FNDA:0,(anonymous_1)
FNDA:2,(anonymous_2)
FNDA:2,(anonymous_3)
FNDA:2,(anonymous_4)
FNDA:2,(anonymous_5)
FNDA:2,(anonymous_6)
FNDA:2,(anonymous_7)
FNDA:2,(anonymous_8)
FNDA:2,(anonymous_9)
FNDA:2,(anonymous_10)
FNDA:2,(anonymous_11)
DA:4,2
DA:5,0
DA:6,0
DA:8,0
DA:9,0
DA:12,0
DA:13,0
DA:14,0
DA:15,0
DA:16,0
DA:18,0
DA:22,2
DA:23,2
DA:25,2
DA:26,0
DA:29,2
DA:36,2
DA:37,2
DA:38,1
DA:39,1
DA:42,2
DA:51,1
DA:55,2
DA:56,2
DA:58,2
DA:59,0
DA:62,2
DA:69,2
DA:70,2
DA:71,1
DA:72,1
DA:75,2
DA:84,1
DA:89,2
DA:90,2
DA:93,2
DA:94,0
DA:98,2
DA:99,2
DA:100,2
DA:101,1
DA:102,1
DA:104,1
DA:109,2
DA:110,2
DA:113,2
DA:114,0
DA:118,2
DA:119,2
DA:120,2
DA:121,1
DA:122,1
DA:124,1
LF:53
LH:39
BRDA:8,0,0,0
BRDA:8,0,1,0
BRDA:8,1,0,0
BRDA:8,1,1,0
BRDA:14,2,0,0
BRDA:14,2,1,0
BRDA:25,3,0,0
BRDA:25,3,1,2
BRDA:37,4,0,1
BRDA:37,4,1,1
BRDA:58,5,0,0
BRDA:58,5,1,2
BRDA:70,6,0,1
BRDA:70,6,1,1
BRDA:93,7,0,0
BRDA:93,7,1,2
BRDA:93,8,0,2
BRDA:93,8,1,2
BRDA:100,9,0,1
BRDA:100,9,1,1
BRDA:113,10,0,0
BRDA:113,10,1,2
BRDA:113,11,0,2
BRDA:113,11,1,2
BRDA:120,12,0,1
BRDA:120,12,1,1
BRF:26
BRH:16
end_of_record
TN:
SF:src\controllers\message.controller.js
FN:3,(anonymous_0)
FN:18,(anonymous_1)
FNF:2
FNH:2
FNDA:1,(anonymous_0)
FNDA:1,(anonymous_1)
DA:3,2
DA:4,1
DA:6,1
DA:7,1
DA:12,0
DA:14,1
DA:18,2
DA:19,1
DA:21,1
DA:22,1
DA:27,0
DA:29,1
LF:12
LH:10
BRF:0
BRH:0
end_of_record
TN:
SF:src\controllers\review.controller.js
FN:5,(anonymous_0)
FN:13,(anonymous_1)
FN:26,(anonymous_2)
FN:29,(anonymous_3)
FN:39,(anonymous_4)
FN:44,(anonymous_5)
FN:58,(anonymous_6)
FN:69,(anonymous_7)
FN:83,(anonymous_8)
FN:88,(anonymous_9)
FN:102,(anonymous_10)
FN:107,(anonymous_11)
FN:117,(anonymous_12)
FN:133,(anonymous_13)
FN:139,(anonymous_14)
FNF:15
FNH:15
FNDA:1,(anonymous_0)
FNDA:1,(anonymous_1)
FNDA:1,(anonymous_2)
FNDA:1,(anonymous_3)
FNDA:2,(anonymous_4)
FNDA:2,(anonymous_5)
FNDA:2,(anonymous_6)
FNDA:2,(anonymous_7)
FNDA:2,(anonymous_8)
FNDA:2,(anonymous_9)
FNDA:1,(anonymous_10)
FNDA:1,(anonymous_11)
FNDA:1,(anonymous_12)
FNDA:1,(anonymous_13)
FNDA:2,(anonymous_14)
DA:5,2
DA:6,1
DA:8,1
DA:13,1
DA:14,1
DA:15,0
DA:18,1
DA:26,2
DA:27,1
DA:29,1
DA:30,1
DA:31,0
DA:34,1
DA:39,2
DA:40,2
DA:42,2
DA:44,2
DA:45,2
DA:46,0
DA:49,2
DA:50,1
DA:53,1
DA:58,2
DA:59,2
DA:60,2
DA:62,2
DA:69,2
DA:70,2
DA:71,0
DA:74,2
DA:75,1
DA:78,1
DA:83,2
DA:84,2
DA:86,2
DA:88,2
DA:89,2
DA:90,0
DA:93,2
DA:94,1
DA:97,1
DA:102,2
DA:103,1
DA:105,1
DA:107,1
DA:108,1
DA:109,0
DA:112,1
DA:117,2
DA:118,1
DA:119,1
DA:122,1
DA:123,0
DA:126,1
DA:133,1
DA:134,1
DA:135,0
DA:136,0
DA:139,2
DA:144,1
DA:146,1
LF:61
LH:52
BRDA:14,0,0,0
BRDA:14,0,1,1
BRDA:30,1,0,0
BRDA:30,1,1,1
BRDA:45,2,0,0
BRDA:45,2,1,2
BRDA:49,3,0,1
BRDA:49,3,1,1
BRDA:70,4,0,0
BRDA:70,4,1,2
BRDA:74,5,0,1
BRDA:74,5,1,1
BRDA:89,6,0,0
BRDA:89,6,1,2
BRDA:93,7,0,1
BRDA:93,7,1,1
BRDA:108,8,0,0
BRDA:108,8,1,1
BRDA:122,9,0,0
BRDA:122,9,1,1
BRDA:122,10,0,1
BRDA:122,10,1,1
BRDA:134,11,0,0
BRDA:134,11,1,1
BRF:24
BRH:16
end_of_record
TN:
SF:src\controllers\user.controller.js
FN:9,(anonymous_0)
FN:12,(anonymous_1)
FN:39,(anonymous_2)
FN:52,(anonymous_3)
FN:104,(anonymous_4)
FN:120,(anonymous_5)
FN:125,(anonymous_6)
FN:131,(anonymous_7)
FNF:8
FNH:7
FNDA:2,(anonymous_0)
FNDA:2,(anonymous_1)
FNDA:1,(anonymous_2)
FNDA:1,(anonymous_3)
FNDA:0,(anonymous_4)
FNDA:1,(anonymous_5)
FNDA:1,(anonymous_6)
FNDA:2,(anonymous_7)
DA:6,2
DA:9,2
DA:10,2
DA:12,2
DA:13,2
DA:14,0
DA:17,2
DA:18,1
DA:21,1
DA:23,1
DA:25,1
DA:39,2
DA:40,1
DA:41,1
DA:43,1
DA:44,1
DA:45,1
DA:47,1
DA:48,0
DA:49,0
DA:52,1
DA:53,1
DA:54,0
DA:55,1
DA:56,0
DA:59,1
DA:61,1
DA:62,1
DA:64,1
DA:65,0
DA:66,0
DA:68,1
DA:69,0
DA:70,0
DA:72,1
DA:73,0
DA:74,0
DA:76,1
DA:77,0
DA:78,0
DA:80,1
DA:81,0
DA:82,0
DA:84,0
DA:85,0
DA:86,0
DA:88,0
DA:89,0
DA:93,1
DA:94,1
DA:95,1
DA:98,0
DA:100,0
DA:104,0
DA:105,0
DA:106,0
DA:107,0
DA:110,0
DA:111,0
DA:114,0
DA:120,2
DA:121,1
DA:123,1
DA:125,1
DA:126,1
DA:127,0
DA:130,1
DA:131,1
DA:132,2
DA:133,2
DA:134,2
DA:136,0
DA:137,0
DA:141,1
DA:143,0
DA:144,0
LF:76
LH:42
BRDA:13,0,0,0
BRDA:13,0,1,2
BRDA:17,1,0,1
BRDA:17,1,1,1
BRDA:47,2,0,0
BRDA:47,2,1,1
BRDA:53,3,0,0
BRDA:53,3,1,1
BRDA:55,4,0,0
BRDA:55,4,1,1
BRDA:64,5,0,0
BRDA:64,5,1,1
BRDA:68,6,0,0
BRDA:68,6,1,1
BRDA:72,7,0,0
BRDA:72,7,1,1
BRDA:76,8,0,0
BRDA:76,8,1,1
BRDA:80,9,0,0
BRDA:80,9,1,1
BRDA:93,10,0,1
BRDA:93,10,1,0
BRDA:105,11,0,0
BRDA:105,11,1,0
BRDA:110,12,0,0
BRDA:110,12,1,0
BRDA:126,13,0,0
BRDA:126,13,1,1
BRF:28
BRH:13
end_of_record
TN:
SF:src\controllers\watchlist.controller.js
FN:4,(anonymous_0)
FN:11,(anonymous_1)
FN:19,(anonymous_2)
FN:27,(anonymous_3)
FN:35,(anonymous_4)
FN:43,(anonymous_5)
FN:49,(anonymous_6)
FNF:7
FNH:4
FNDA:1,(anonymous_0)
FNDA:1,(anonymous_1)
FNDA:1,(anonymous_2)
FNDA:1,(anonymous_3)
FNDA:0,(anonymous_4)
FNDA:0,(anonymous_5)
FNDA:0,(anonymous_6)
DA:4,2
DA:5,1
DA:7,1
DA:11,1
DA:12,1
DA:13,0
DA:15,1
DA:19,2
DA:20,1
DA:22,1
DA:27,1
DA:28,1
DA:29,0
DA:31,1
DA:35,2
DA:36,0
DA:38,0
DA:43,0
DA:44,0
DA:45,0
DA:48,0
DA:49,0
DA:50,0
DA:51,0
DA:52,0
DA:54,0
DA:58,0
DA:60,0
LF:28
LH:13
BRDA:12,0,0,0
BRDA:12,0,1,1
BRDA:28,1,0,0
BRDA:28,1,1,1
BRDA:44,2,0,0
BRDA:44,2,1,0
BRF:6
BRH:2
end_of_record
TN:
SF:src\dbs\init.mysql.js
FN:17,(anonymous_0)
FN:25,(anonymous_1)
FN:26,(anonymous_2)
FN:27,(anonymous_3)
FNF:4
FNH:4
FNDA:1,(anonymous_0)
FNDA:1,(anonymous_1)
FNDA:1,(anonymous_2)
FNDA:1,(anonymous_3)
DA:4,8
DA:6,8
DA:7,8
DA:8,8
DA:10,8
DA:17,8
DA:18,1
DA:19,0
DA:20,0
DA:22,1
DA:25,8
DA:26,1
DA:27,1
DA:28,1
DA:29,0
DA:31,1
LF:16
LH:13
BRDA:18,0,0,0
BRDA:18,0,1,1
BRDA:28,1,0,0
BRDA:28,1,1,1
BRF:4
BRH:2
end_of_record
TN:
SF:src\middleware\authMiddleware.js
FN:3,(anonymous_0)
FNF:1
FNH:1
FNDA:3,(anonymous_0)
DA:3,2
DA:4,3
DA:6,3
DA:7,1
DA:10,2
DA:11,2
DA:12,1
DA:13,1
DA:15,1
LF:9
LH:9
BRDA:6,0,0,1
BRDA:6,0,1,2
BRF:2
BRH:2
end_of_record
TN:
SF:src\routes\article.route.js
FNF:0
FNH:0
DA:11,1
DA:13,1
DA:15,1
DA:16,1
DA:17,1
DA:18,1
DA:19,1
LF:7
LH:7
BRF:0
BRH:0
end_of_record
TN:
SF:src\routes\auth.js
FNF:0
FNH:0
LF:0
LH:0
BRF:0
BRH:0
end_of_record
TN:
SF:src\routes\auth.route.js
FNF:0
FNH:0
DA:4,1
DA:6,1
DA:7,1
DA:8,1
DA:9,1
DA:10,1
LF:6
LH:6
BRF:0
BRH:0
end_of_record
TN:
SF:src\routes\conversation.route.js
FNF:0
FNH:0
DA:8,1
DA:10,1
DA:11,1
DA:12,1
LF:4
LH:4
BRF:0
BRH:0
end_of_record
TN:
SF:src\routes\file.route.js
FN:9,(anonymous_0)
FN:33,(anonymous_1)
FN:54,(anonymous_2)
FNF:3
FNH:3
FNDA:2,(anonymous_0)
FNDA:1,(anonymous_1)
FNDA:1,(anonymous_2)
DA:4,2
DA:7,2
DA:9,2
DA:10,2
DA:11,2
DA:12,1
DA:15,1
DA:17,1
DA:19,1
DA:21,1
DA:26,0
DA:27,0
DA:33,2
DA:34,1
DA:36,1
DA:37,1
DA:44,0
DA:46,1
DA:47,1
DA:54,2
DA:55,1
DA:57,1
DA:58,1
DA:59,0
DA:63,1
DA:64,1
LF:26
LH:22
BRDA:11,0,0,1
BRDA:11,0,1,1
BRF:2
BRH:2
end_of_record
TN:
SF:src\routes\message.route.js
FNF:0
FNH:0
DA:7,1
DA:9,1
DA:10,1
LF:3
LH:3
BRF:0
BRH:0
end_of_record
TN:
SF:src\routes\review.route.js
FNF:0
FNH:0
DA:12,1
DA:14,1
DA:15,1
DA:16,1
DA:17,1
DA:18,1
DA:19,1
DA:20,1
LF:8
LH:8
BRF:0
BRH:0
end_of_record
TN:
SF:src\routes\user.route.js
FNF:0
FNH:0
DA:11,1
DA:13,1
DA:16,1
DA:17,1
DA:18,1
DA:19,1
DA:21,1
DA:22,1
DA:24,1
LF:9
LH:9
BRF:0
BRH:0
end_of_record
TN:
SF:src\routes\watchlist.route.js
FNF:0
FNH:0
DA:9,1
DA:12,1
DA:13,1
DA:14,1
LF:4
LH:4
BRF:0
BRH:0
end_of_record
TN:
SF:src\services\azureStorageService.js
FN:12,(anonymous_0)
FN:22,(anonymous_1)
FN:31,(anonymous_2)
FNF:3
FNH:1
FNDA:0,(anonymous_0)
FNDA:0,(anonymous_1)
FNDA:66,(anonymous_2)
DA:4,5
DA:6,5
DA:10,5
DA:12,5
DA:13,0
DA:14,0
DA:15,0
DA:17,0
DA:19,0
DA:22,5
DA:23,0
DA:25,0
DA:26,0
DA:28,0
DA:31,5
DA:32,66
DA:33,66
LF:17
LH:8
BRF:0
BRH:0
end_of_record
TN:
SF:src\utils\helpers.js
FN:3,(anonymous_0)
FN:7,(anonymous_1)
FNF:2
FNH:2
FNDA:70,(anonymous_0)
FNDA:64,(anonymous_1)
DA:3,3
DA:4,70
DA:6,48
DA:7,64
DA:9,48
LF:5
LH:5
BRDA:4,0,0,22
BRDA:4,0,1,48
BRF:2
BRH:2
end_of_record
